CRITICAL - 2022-02-15 10:33:23 --> Call to a member function links() on null
#0 C:\xampp\htdocs\codeigniter4\system\View\View.php(210): include()
#1 C:\xampp\htdocs\codeigniter4\system\View\View.php(213): CodeIgniter\View\View->CodeIgniter\View\{closure}()
#2 C:\xampp\htdocs\codeigniter4\system\Common.php(1089): CodeIgniter\View\View->render('produtos/indexP...', Array, true)
#3 C:\xampp\htdocs\codeigniter4\app\Controllers\Produtos.php(38): view('produtos/indexP...', Array)
#4 C:\xampp\htdocs\codeigniter4\system\CodeIgniter.php(825): App\Controllers\Produtos->index()
#5 C:\xampp\htdocs\codeigniter4\system\CodeIgniter.php(412): CodeIgniter\CodeIgniter->runController(Object(App\Controllers\Produtos))
#6 C:\xampp\htdocs\codeigniter4\system\CodeIgniter.php(320): CodeIgniter\CodeIgniter->handleRequest(NULL, Object(Config\Cache), false)
#7 C:\xampp\htdocs\codeigniter4\public\index.php(37): CodeIgniter\CodeIgniter->run()
#8 C:\xampp\htdocs\codeigniter4\system\Commands\Server\rewrite.php(43): require_once('C:\\xampp\\htdocs...')
#9 {main}
CRITICAL - 2022-02-15 10:34:21 --> Undefined variable: data
#0 C:\xampp\htdocs\codeigniter4\app\Controllers\Produtos.php(38): CodeIgniter\Debug\Exceptions->errorHandler(8, 'Undefined varia...', 'C:\\xampp\\htdocs...', 38, Array)
#1 C:\xampp\htdocs\codeigniter4\system\CodeIgniter.php(825): App\Controllers\Produtos->index()
#2 C:\xampp\htdocs\codeigniter4\system\CodeIgniter.php(412): CodeIgniter\CodeIgniter->runController(Object(App\Controllers\Produtos))
#3 C:\xampp\htdocs\codeigniter4\system\CodeIgniter.php(320): CodeIgniter\CodeIgniter->handleRequest(NULL, Object(Config\Cache), false)
#4 C:\xampp\htdocs\codeigniter4\public\index.php(37): CodeIgniter\CodeIgniter->run()
#5 C:\xampp\htdocs\codeigniter4\system\Commands\Server\rewrite.php(43): require_once('C:\\xampp\\htdocs...')
#6 {main}
CRITICAL - 2022-02-15 10:35:40 --> Call to a member function links() on null
#0 C:\xampp\htdocs\codeigniter4\system\View\View.php(210): include()
#1 C:\xampp\htdocs\codeigniter4\system\View\View.php(213): CodeIgniter\View\View->CodeIgniter\View\{closure}()
#2 C:\xampp\htdocs\codeigniter4\system\Common.php(1089): CodeIgniter\View\View->render('produtos/indexP...', Array, true)
#3 C:\xampp\htdocs\codeigniter4\app\Controllers\Produtos.php(38): view('produtos/indexP...', Array)
#4 C:\xampp\htdocs\codeigniter4\system\CodeIgniter.php(825): App\Controllers\Produtos->index()
#5 C:\xampp\htdocs\codeigniter4\system\CodeIgniter.php(412): CodeIgniter\CodeIgniter->runController(Object(App\Controllers\Produtos))
#6 C:\xampp\htdocs\codeigniter4\system\CodeIgniter.php(320): CodeIgniter\CodeIgniter->handleRequest(NULL, Object(Config\Cache), false)
#7 C:\xampp\htdocs\codeigniter4\public\index.php(37): CodeIgniter\CodeIgniter->run()
#8 C:\xampp\htdocs\codeigniter4\system\Commands\Server\rewrite.php(43): require_once('C:\\xampp\\htdocs...')
#9 {main}
CRITICAL - 2022-02-15 10:36:36 --> Call to a member function links() on null
#0 C:\xampp\htdocs\codeigniter4\system\View\View.php(210): include()
#1 C:\xampp\htdocs\codeigniter4\system\View\View.php(213): CodeIgniter\View\View->CodeIgniter\View\{closure}()
#2 C:\xampp\htdocs\codeigniter4\system\Common.php(1089): CodeIgniter\View\View->render('produtos/indexP...', Array, true)
#3 C:\xampp\htdocs\codeigniter4\app\Controllers\Produtos.php(37): view('produtos/indexP...', Array)
#4 C:\xampp\htdocs\codeigniter4\system\CodeIgniter.php(825): App\Controllers\Produtos->index()
#5 C:\xampp\htdocs\codeigniter4\system\CodeIgniter.php(412): CodeIgniter\CodeIgniter->runController(Object(App\Controllers\Produtos))
#6 C:\xampp\htdocs\codeigniter4\system\CodeIgniter.php(320): CodeIgniter\CodeIgniter->handleRequest(NULL, Object(Config\Cache), false)
#7 C:\xampp\htdocs\codeigniter4\public\index.php(37): CodeIgniter\CodeIgniter->run()
#8 C:\xampp\htdocs\codeigniter4\system\Commands\Server\rewrite.php(43): require_once('C:\\xampp\\htdocs...')
#9 {main}
CRITICAL - 2022-02-15 10:54:10 --> Call to a member function links() on null
#0 C:\xampp\htdocs\codeigniter4\system\View\View.php(210): include()
#1 C:\xampp\htdocs\codeigniter4\system\View\View.php(213): CodeIgniter\View\View->CodeIgniter\View\{closure}()
#2 C:\xampp\htdocs\codeigniter4\system\Common.php(1089): CodeIgniter\View\View->render('produtos/indexP...', Array, true)
#3 C:\xampp\htdocs\codeigniter4\app\Controllers\Produtos.php(34): view('produtos/indexP...', Array)
#4 C:\xampp\htdocs\codeigniter4\system\CodeIgniter.php(825): App\Controllers\Produtos->index()
#5 C:\xampp\htdocs\codeigniter4\system\CodeIgniter.php(412): CodeIgniter\CodeIgniter->runController(Object(App\Controllers\Produtos))
#6 C:\xampp\htdocs\codeigniter4\system\CodeIgniter.php(320): CodeIgniter\CodeIgniter->handleRequest(NULL, Object(Config\Cache), false)
#7 C:\xampp\htdocs\codeigniter4\public\index.php(37): CodeIgniter\CodeIgniter->run()
#8 C:\xampp\htdocs\codeigniter4\system\Commands\Server\rewrite.php(43): require_once('C:\\xampp\\htdocs...')
#9 {main}
CRITICAL - 2022-02-15 10:54:24 --> Call to a member function links() on null
#0 C:\xampp\htdocs\codeigniter4\system\View\View.php(210): include()
#1 C:\xampp\htdocs\codeigniter4\system\View\View.php(213): CodeIgniter\View\View->CodeIgniter\View\{closure}()
#2 C:\xampp\htdocs\codeigniter4\system\Common.php(1089): CodeIgniter\View\View->render('produtos/indexP...', Array, true)
#3 C:\xampp\htdocs\codeigniter4\app\Controllers\Produtos.php(34): view('produtos/indexP...', Array)
#4 C:\xampp\htdocs\codeigniter4\system\CodeIgniter.php(825): App\Controllers\Produtos->index()
#5 C:\xampp\htdocs\codeigniter4\system\CodeIgniter.php(412): CodeIgniter\CodeIgniter->runController(Object(App\Controllers\Produtos))
#6 C:\xampp\htdocs\codeigniter4\system\CodeIgniter.php(320): CodeIgniter\CodeIgniter->handleRequest(NULL, Object(Config\Cache), false)
#7 C:\xampp\htdocs\codeigniter4\public\index.php(37): CodeIgniter\CodeIgniter->run()
#8 C:\xampp\htdocs\codeigniter4\system\Commands\Server\rewrite.php(43): require_once('C:\\xampp\\htdocs...')
#9 {main}
CRITICAL - 2022-02-15 10:54:40 --> Call to a member function links() on null
#0 C:\xampp\htdocs\codeigniter4\system\View\View.php(210): include()
#1 C:\xampp\htdocs\codeigniter4\system\View\View.php(213): CodeIgniter\View\View->CodeIgniter\View\{closure}()
#2 C:\xampp\htdocs\codeigniter4\system\Common.php(1089): CodeIgniter\View\View->render('produtos/indexP...', Array, true)
#3 C:\xampp\htdocs\codeigniter4\app\Controllers\Produtos.php(34): view('produtos/indexP...', Array)
#4 C:\xampp\htdocs\codeigniter4\system\CodeIgniter.php(825): App\Controllers\Produtos->index()
#5 C:\xampp\htdocs\codeigniter4\system\CodeIgniter.php(412): CodeIgniter\CodeIgniter->runController(Object(App\Controllers\Produtos))
#6 C:\xampp\htdocs\codeigniter4\system\CodeIgniter.php(320): CodeIgniter\CodeIgniter->handleRequest(NULL, Object(Config\Cache), false)
#7 C:\xampp\htdocs\codeigniter4\public\index.php(37): CodeIgniter\CodeIgniter->run()
#8 C:\xampp\htdocs\codeigniter4\system\Commands\Server\rewrite.php(43): require_once('C:\\xampp\\htdocs...')
#9 {main}
ERROR - 2022-02-15 10:57:03 --> You have an error in your SQL syntax; check the manual that corresponds to your MariaDB server version for the right syntax to use near 'ORDER_BY 'nome' DESC LIMIT 20' at line 3
CRITICAL - 2022-02-15 10:57:03 --> You have an error in your SQL syntax; check the manual that corresponds to your MariaDB server version for the right syntax to use near 'ORDER_BY 'nome' DESC LIMIT 20' at line 3
#0 C:\xampp\htdocs\codeigniter4\system\Database\MySQLi\Connection.php(292): mysqli->query('\r\n            S...', 0)
#1 C:\xampp\htdocs\codeigniter4\system\Database\BaseConnection.php(670): CodeIgniter\Database\MySQLi\Connection->execute('\r\n            S...')
#2 C:\xampp\htdocs\codeigniter4\system\Database\BaseConnection.php(598): CodeIgniter\Database\BaseConnection->simpleQuery('\r\n            S...')
#3 C:\xampp\htdocs\codeigniter4\app\Models\ProdutoModel.php(28): CodeIgniter\Database\BaseConnection->query('\r\n            S...')
#4 C:\xampp\htdocs\codeigniter4\app\Controllers\Produtos.php(24): App\Models\ProdutoModel->buscarProduto('nome', 'teste')
#5 C:\xampp\htdocs\codeigniter4\system\CodeIgniter.php(825): App\Controllers\Produtos->index()
#6 C:\xampp\htdocs\codeigniter4\system\CodeIgniter.php(412): CodeIgniter\CodeIgniter->runController(Object(App\Controllers\Produtos))
#7 C:\xampp\htdocs\codeigniter4\system\CodeIgniter.php(320): CodeIgniter\CodeIgniter->handleRequest(NULL, Object(Config\Cache), false)
#8 C:\xampp\htdocs\codeigniter4\public\index.php(37): CodeIgniter\CodeIgniter->run()
#9 C:\xampp\htdocs\codeigniter4\system\Commands\Server\rewrite.php(43): require_once('C:\\xampp\\htdocs...')
#10 {main}
CRITICAL - 2022-02-15 11:05:25 --> Undefined variable: pagina
#0 C:\xampp\htdocs\codeigniter4\app\Views\templates\pagination.php(15): CodeIgniter\Debug\Exceptions->errorHandler(8, 'Undefined varia...', 'C:\\xampp\\htdocs...', 15, Array)
#1 C:\xampp\htdocs\codeigniter4\system\View\View.php(210): include('C:\\xampp\\htdocs...')
#2 C:\xampp\htdocs\codeigniter4\system\View\View.php(213): CodeIgniter\View\View->CodeIgniter\View\{closure}()
#3 C:\xampp\htdocs\codeigniter4\system\Pager\Pager.php(125): CodeIgniter\View\View->render('templates\\pagin...')
#4 C:\xampp\htdocs\codeigniter4\system\Pager\Pager.php(83): CodeIgniter\Pager\Pager->displayLinks('default', 'pagination')
#5 C:\xampp\htdocs\codeigniter4\app\Views\produtos\indexProduto.php(63): CodeIgniter\Pager\Pager->links('default', 'pagination')
#6 C:\xampp\htdocs\codeigniter4\system\View\View.php(210): include('C:\\xampp\\htdocs...')
#7 C:\xampp\htdocs\codeigniter4\system\View\View.php(213): CodeIgniter\View\View->CodeIgniter\View\{closure}()
#8 C:\xampp\htdocs\codeigniter4\system\Common.php(1089): CodeIgniter\View\View->render('produtos/indexP...', Array, true)
#9 C:\xampp\htdocs\codeigniter4\app\Controllers\Produtos.php(35): view('produtos/indexP...', Array)
#10 C:\xampp\htdocs\codeigniter4\system\CodeIgniter.php(825): App\Controllers\Produtos->index()
#11 C:\xampp\htdocs\codeigniter4\system\CodeIgniter.php(412): CodeIgniter\CodeIgniter->runController(Object(App\Controllers\Produtos))
#12 C:\xampp\htdocs\codeigniter4\system\CodeIgniter.php(320): CodeIgniter\CodeIgniter->handleRequest(NULL, Object(Config\Cache), false)
#13 C:\xampp\htdocs\codeigniter4\public\index.php(37): CodeIgniter\CodeIgniter->run()
#14 C:\xampp\htdocs\codeigniter4\system\Commands\Server\rewrite.php(43): require_once('C:\\xampp\\htdocs...')
#15 {main}
CRITICAL - 2022-02-15 11:05:37 --> Undefined variable: pagina
#0 C:\xampp\htdocs\codeigniter4\app\Views\templates\pagination.php(15): CodeIgniter\Debug\Exceptions->errorHandler(8, 'Undefined varia...', 'C:\\xampp\\htdocs...', 15, Array)
#1 C:\xampp\htdocs\codeigniter4\system\View\View.php(210): include('C:\\xampp\\htdocs...')
#2 C:\xampp\htdocs\codeigniter4\system\View\View.php(213): CodeIgniter\View\View->CodeIgniter\View\{closure}()
#3 C:\xampp\htdocs\codeigniter4\system\Pager\Pager.php(125): CodeIgniter\View\View->render('templates\\pagin...')
#4 C:\xampp\htdocs\codeigniter4\system\Pager\Pager.php(83): CodeIgniter\Pager\Pager->displayLinks('default', 'pagination')
#5 C:\xampp\htdocs\codeigniter4\app\Views\produtos\indexProduto.php(63): CodeIgniter\Pager\Pager->links('default', 'pagination')
#6 C:\xampp\htdocs\codeigniter4\system\View\View.php(210): include('C:\\xampp\\htdocs...')
#7 C:\xampp\htdocs\codeigniter4\system\View\View.php(213): CodeIgniter\View\View->CodeIgniter\View\{closure}()
#8 C:\xampp\htdocs\codeigniter4\system\Common.php(1089): CodeIgniter\View\View->render('produtos/indexP...', Array, true)
#9 C:\xampp\htdocs\codeigniter4\app\Controllers\Produtos.php(35): view('produtos/indexP...', Array)
#10 C:\xampp\htdocs\codeigniter4\system\CodeIgniter.php(825): App\Controllers\Produtos->index()
#11 C:\xampp\htdocs\codeigniter4\system\CodeIgniter.php(412): CodeIgniter\CodeIgniter->runController(Object(App\Controllers\Produtos))
#12 C:\xampp\htdocs\codeigniter4\system\CodeIgniter.php(320): CodeIgniter\CodeIgniter->handleRequest(NULL, Object(Config\Cache), false)
#13 C:\xampp\htdocs\codeigniter4\public\index.php(37): CodeIgniter\CodeIgniter->run()
#14 C:\xampp\htdocs\codeigniter4\system\Commands\Server\rewrite.php(43): require_once('C:\\xampp\\htdocs...')
#15 {main}
CRITICAL - 2022-02-15 11:05:51 --> Undefined variable: pagina
#0 C:\xampp\htdocs\codeigniter4\app\Views\templates\pagination.php(15): CodeIgniter\Debug\Exceptions->errorHandler(8, 'Undefined varia...', 'C:\\xampp\\htdocs...', 15, Array)
#1 C:\xampp\htdocs\codeigniter4\system\View\View.php(210): include('C:\\xampp\\htdocs...')
#2 C:\xampp\htdocs\codeigniter4\system\View\View.php(213): CodeIgniter\View\View->CodeIgniter\View\{closure}()
#3 C:\xampp\htdocs\codeigniter4\system\Pager\Pager.php(125): CodeIgniter\View\View->render('templates\\pagin...')
#4 C:\xampp\htdocs\codeigniter4\system\Pager\Pager.php(83): CodeIgniter\Pager\Pager->displayLinks('default', 'pagination')
#5 C:\xampp\htdocs\codeigniter4\app\Views\produtos\indexProduto.php(63): CodeIgniter\Pager\Pager->links('default', 'pagination')
#6 C:\xampp\htdocs\codeigniter4\system\View\View.php(210): include('C:\\xampp\\htdocs...')
#7 C:\xampp\htdocs\codeigniter4\system\View\View.php(213): CodeIgniter\View\View->CodeIgniter\View\{closure}()
#8 C:\xampp\htdocs\codeigniter4\system\Common.php(1089): CodeIgniter\View\View->render('produtos/indexP...', Array, true)
#9 C:\xampp\htdocs\codeigniter4\app\Controllers\Produtos.php(35): view('produtos/indexP...', Array)
#10 C:\xampp\htdocs\codeigniter4\system\CodeIgniter.php(825): App\Controllers\Produtos->index()
#11 C:\xampp\htdocs\codeigniter4\system\CodeIgniter.php(412): CodeIgniter\CodeIgniter->runController(Object(App\Controllers\Produtos))
#12 C:\xampp\htdocs\codeigniter4\system\CodeIgniter.php(320): CodeIgniter\CodeIgniter->handleRequest(NULL, Object(Config\Cache), false)
#13 C:\xampp\htdocs\codeigniter4\public\index.php(37): CodeIgniter\CodeIgniter->run()
#14 C:\xampp\htdocs\codeigniter4\system\Commands\Server\rewrite.php(43): require_once('C:\\xampp\\htdocs...')
#15 {main}
CRITICAL - 2022-02-15 11:09:20 --> Undefined variable: pager
#0 C:\xampp\htdocs\codeigniter4\app\Views\produtos\indexProduto.php(63): CodeIgniter\Debug\Exceptions->errorHandler(8, 'Undefined varia...', 'C:\\xampp\\htdocs...', 63, Array)
#1 C:\xampp\htdocs\codeigniter4\system\View\View.php(210): include('C:\\xampp\\htdocs...')
#2 C:\xampp\htdocs\codeigniter4\system\View\View.php(213): CodeIgniter\View\View->CodeIgniter\View\{closure}()
#3 C:\xampp\htdocs\codeigniter4\system\Common.php(1089): CodeIgniter\View\View->render('produtos/indexP...', Array, true)
#4 C:\xampp\htdocs\codeigniter4\app\Controllers\Produtos.php(35): view('produtos/indexP...', Array)
#5 C:\xampp\htdocs\codeigniter4\system\CodeIgniter.php(825): App\Controllers\Produtos->index()
#6 C:\xampp\htdocs\codeigniter4\system\CodeIgniter.php(412): CodeIgniter\CodeIgniter->runController(Object(App\Controllers\Produtos))
#7 C:\xampp\htdocs\codeigniter4\system\CodeIgniter.php(320): CodeIgniter\CodeIgniter->handleRequest(NULL, Object(Config\Cache), false)
#8 C:\xampp\htdocs\codeigniter4\public\index.php(37): CodeIgniter\CodeIgniter->run()
#9 C:\xampp\htdocs\codeigniter4\system\Commands\Server\rewrite.php(43): require_once('C:\\xampp\\htdocs...')
#10 {main}
CRITICAL - 2022-02-15 11:09:28 --> Undefined variable: pager
#0 C:\xampp\htdocs\codeigniter4\app\Views\produtos\indexProduto.php(63): CodeIgniter\Debug\Exceptions->errorHandler(8, 'Undefined varia...', 'C:\\xampp\\htdocs...', 63, Array)
#1 C:\xampp\htdocs\codeigniter4\system\View\View.php(210): include('C:\\xampp\\htdocs...')
#2 C:\xampp\htdocs\codeigniter4\system\View\View.php(213): CodeIgniter\View\View->CodeIgniter\View\{closure}()
#3 C:\xampp\htdocs\codeigniter4\system\Common.php(1089): CodeIgniter\View\View->render('produtos/indexP...', Array, true)
#4 C:\xampp\htdocs\codeigniter4\app\Controllers\Produtos.php(35): view('produtos/indexP...', Array)
#5 C:\xampp\htdocs\codeigniter4\system\CodeIgniter.php(825): App\Controllers\Produtos->index()
#6 C:\xampp\htdocs\codeigniter4\system\CodeIgniter.php(412): CodeIgniter\CodeIgniter->runController(Object(App\Controllers\Produtos))
#7 C:\xampp\htdocs\codeigniter4\system\CodeIgniter.php(320): CodeIgniter\CodeIgniter->handleRequest(NULL, Object(Config\Cache), false)
#8 C:\xampp\htdocs\codeigniter4\public\index.php(37): CodeIgniter\CodeIgniter->run()
#9 C:\xampp\htdocs\codeigniter4\system\Commands\Server\rewrite.php(43): require_once('C:\\xampp\\htdocs...')
#10 {main}
CRITICAL - 2022-02-15 11:10:04 --> Undefined variable: pager
#0 C:\xampp\htdocs\codeigniter4\app\Views\produtos\indexProduto.php(63): CodeIgniter\Debug\Exceptions->errorHandler(8, 'Undefined varia...', 'C:\\xampp\\htdocs...', 63, Array)
#1 C:\xampp\htdocs\codeigniter4\system\View\View.php(210): include('C:\\xampp\\htdocs...')
#2 C:\xampp\htdocs\codeigniter4\system\View\View.php(213): CodeIgniter\View\View->CodeIgniter\View\{closure}()
#3 C:\xampp\htdocs\codeigniter4\system\Common.php(1089): CodeIgniter\View\View->render('produtos/indexP...', Array, true)
#4 C:\xampp\htdocs\codeigniter4\app\Controllers\Produtos.php(35): view('produtos/indexP...', Array)
#5 C:\xampp\htdocs\codeigniter4\system\CodeIgniter.php(825): App\Controllers\Produtos->index()
#6 C:\xampp\htdocs\codeigniter4\system\CodeIgniter.php(412): CodeIgniter\CodeIgniter->runController(Object(App\Controllers\Produtos))
#7 C:\xampp\htdocs\codeigniter4\system\CodeIgniter.php(320): CodeIgniter\CodeIgniter->handleRequest(NULL, Object(Config\Cache), false)
#8 C:\xampp\htdocs\codeigniter4\public\index.php(37): CodeIgniter\CodeIgniter->run()
#9 C:\xampp\htdocs\codeigniter4\system\Commands\Server\rewrite.php(43): require_once('C:\\xampp\\htdocs...')
#10 {main}
ERROR - 2022-02-15 11:19:46 --> You have an error in your SQL syntax; check the manual that corresponds to your MariaDB server version for the right syntax to use near 'LIKE '%teste%'' at line 2
CRITICAL - 2022-02-15 11:19:46 --> You have an error in your SQL syntax; check the manual that corresponds to your MariaDB server version for the right syntax to use near 'LIKE '%teste%'' at line 2
#0 C:\xampp\htdocs\codeigniter4\system\Database\MySQLi\Connection.php(292): mysqli->query('\r\n            S...', 0)
#1 C:\xampp\htdocs\codeigniter4\system\Database\BaseConnection.php(670): CodeIgniter\Database\MySQLi\Connection->execute('\r\n            S...')
#2 C:\xampp\htdocs\codeigniter4\system\Database\BaseConnection.php(598): CodeIgniter\Database\BaseConnection->simpleQuery('\r\n            S...')
#3 C:\xampp\htdocs\codeigniter4\app\Models\ProdutoModel.php(27): CodeIgniter\Database\BaseConnection->query('\r\n            S...')
#4 C:\xampp\htdocs\codeigniter4\app\Controllers\Produtos.php(24): App\Models\ProdutoModel->buscarProduto(NULL, 'teste')
#5 C:\xampp\htdocs\codeigniter4\system\CodeIgniter.php(825): App\Controllers\Produtos->index()
#6 C:\xampp\htdocs\codeigniter4\system\CodeIgniter.php(412): CodeIgniter\CodeIgniter->runController(Object(App\Controllers\Produtos))
#7 C:\xampp\htdocs\codeigniter4\system\CodeIgniter.php(320): CodeIgniter\CodeIgniter->handleRequest(NULL, Object(Config\Cache), false)
#8 C:\xampp\htdocs\codeigniter4\public\index.php(37): CodeIgniter\CodeIgniter->run()
#9 C:\xampp\htdocs\codeigniter4\system\Commands\Server\rewrite.php(43): require_once('C:\\xampp\\htdocs...')
#10 {main}
CRITICAL - 2022-02-15 11:20:34 --> Call to a member function links() on null
#0 C:\xampp\htdocs\codeigniter4\system\View\View.php(210): include()
#1 C:\xampp\htdocs\codeigniter4\system\View\View.php(213): CodeIgniter\View\View->CodeIgniter\View\{closure}()
#2 C:\xampp\htdocs\codeigniter4\system\Common.php(1089): CodeIgniter\View\View->render('produtos/indexP...', Array, true)
#3 C:\xampp\htdocs\codeigniter4\app\Controllers\Produtos.php(34): view('produtos/indexP...', Array)
#4 C:\xampp\htdocs\codeigniter4\system\CodeIgniter.php(825): App\Controllers\Produtos->index()
#5 C:\xampp\htdocs\codeigniter4\system\CodeIgniter.php(412): CodeIgniter\CodeIgniter->runController(Object(App\Controllers\Produtos))
#6 C:\xampp\htdocs\codeigniter4\system\CodeIgniter.php(320): CodeIgniter\CodeIgniter->handleRequest(NULL, Object(Config\Cache), false)
#7 C:\xampp\htdocs\codeigniter4\public\index.php(37): CodeIgniter\CodeIgniter->run()
#8 C:\xampp\htdocs\codeigniter4\system\Commands\Server\rewrite.php(43): require_once('C:\\xampp\\htdocs...')
#9 {main}
CRITICAL - 2022-02-15 11:27:13 --> Undefined variable: pager
#0 C:\xampp\htdocs\codeigniter4\app\Views\produtos\indexProduto.php(64): CodeIgniter\Debug\Exceptions->errorHandler(8, 'Undefined varia...', 'C:\\xampp\\htdocs...', 64, Array)
#1 C:\xampp\htdocs\codeigniter4\system\View\View.php(210): include('C:\\xampp\\htdocs...')
#2 C:\xampp\htdocs\codeigniter4\system\View\View.php(213): CodeIgniter\View\View->CodeIgniter\View\{closure}()
#3 C:\xampp\htdocs\codeigniter4\system\Common.php(1089): CodeIgniter\View\View->render('produtos/indexP...', Array, true)
#4 C:\xampp\htdocs\codeigniter4\app\Controllers\Produtos.php(35): view('produtos/indexP...', Array)
#5 C:\xampp\htdocs\codeigniter4\system\CodeIgniter.php(825): App\Controllers\Produtos->index()
#6 C:\xampp\htdocs\codeigniter4\system\CodeIgniter.php(412): CodeIgniter\CodeIgniter->runController(Object(App\Controllers\Produtos))
#7 C:\xampp\htdocs\codeigniter4\system\CodeIgniter.php(320): CodeIgniter\CodeIgniter->handleRequest(NULL, Object(Config\Cache), false)
#8 C:\xampp\htdocs\codeigniter4\public\index.php(37): CodeIgniter\CodeIgniter->run()
#9 C:\xampp\htdocs\codeigniter4\system\Commands\Server\rewrite.php(43): require_once('C:\\xampp\\htdocs...')
#10 {main}
CRITICAL - 2022-02-15 11:56:22 --> Undefined variable: pager
#0 C:\xampp\htdocs\codeigniter4\app\Views\produtos\indexProduto.php(64): CodeIgniter\Debug\Exceptions->errorHandler(8, 'Undefined varia...', 'C:\\xampp\\htdocs...', 64, Array)
#1 C:\xampp\htdocs\codeigniter4\system\View\View.php(210): include('C:\\xampp\\htdocs...')
#2 C:\xampp\htdocs\codeigniter4\system\View\View.php(213): CodeIgniter\View\View->CodeIgniter\View\{closure}()
#3 C:\xampp\htdocs\codeigniter4\system\Common.php(1089): CodeIgniter\View\View->render('produtos/indexP...', Array, true)
#4 C:\xampp\htdocs\codeigniter4\app\Controllers\Produtos.php(35): view('produtos/indexP...', Array)
#5 C:\xampp\htdocs\codeigniter4\system\CodeIgniter.php(825): App\Controllers\Produtos->index()
#6 C:\xampp\htdocs\codeigniter4\system\CodeIgniter.php(412): CodeIgniter\CodeIgniter->runController(Object(App\Controllers\Produtos))
#7 C:\xampp\htdocs\codeigniter4\system\CodeIgniter.php(320): CodeIgniter\CodeIgniter->handleRequest(NULL, Object(Config\Cache), false)
#8 C:\xampp\htdocs\codeigniter4\public\index.php(37): CodeIgniter\CodeIgniter->run()
#9 C:\xampp\htdocs\codeigniter4\system\Commands\Server\rewrite.php(43): require_once('C:\\xampp\\htdocs...')
#10 {main}
CRITICAL - 2022-02-15 11:57:37 --> Call to a member function links() on null
#0 C:\xampp\htdocs\codeigniter4\system\View\View.php(210): include()
#1 C:\xampp\htdocs\codeigniter4\system\View\View.php(213): CodeIgniter\View\View->CodeIgniter\View\{closure}()
#2 C:\xampp\htdocs\codeigniter4\system\Common.php(1089): CodeIgniter\View\View->render('produtos/indexP...', Array, true)
#3 C:\xampp\htdocs\codeigniter4\app\Controllers\Produtos.php(34): view('produtos/indexP...', Array)
#4 C:\xampp\htdocs\codeigniter4\system\CodeIgniter.php(825): App\Controllers\Produtos->index()
#5 C:\xampp\htdocs\codeigniter4\system\CodeIgniter.php(412): CodeIgniter\CodeIgniter->runController(Object(App\Controllers\Produtos))
#6 C:\xampp\htdocs\codeigniter4\system\CodeIgniter.php(320): CodeIgniter\CodeIgniter->handleRequest(NULL, Object(Config\Cache), false)
#7 C:\xampp\htdocs\codeigniter4\public\index.php(37): CodeIgniter\CodeIgniter->run()
#8 C:\xampp\htdocs\codeigniter4\system\Commands\Server\rewrite.php(43): require_once('C:\\xampp\\htdocs...')
#9 {main}
CRITICAL - 2022-02-15 12:05:48 --> Call to a member function links() on null
#0 C:\xampp\htdocs\codeigniter4\system\View\View.php(210): include()
#1 C:\xampp\htdocs\codeigniter4\system\View\View.php(213): CodeIgniter\View\View->CodeIgniter\View\{closure}()
#2 C:\xampp\htdocs\codeigniter4\system\Common.php(1089): CodeIgniter\View\View->render('produtos/indexP...', Array, true)
#3 C:\xampp\htdocs\codeigniter4\app\Controllers\Produtos.php(34): view('produtos/indexP...', Array)
#4 C:\xampp\htdocs\codeigniter4\system\CodeIgniter.php(825): App\Controllers\Produtos->index()
#5 C:\xampp\htdocs\codeigniter4\system\CodeIgniter.php(412): CodeIgniter\CodeIgniter->runController(Object(App\Controllers\Produtos))
#6 C:\xampp\htdocs\codeigniter4\system\CodeIgniter.php(320): CodeIgniter\CodeIgniter->handleRequest(NULL, Object(Config\Cache), false)
#7 C:\xampp\htdocs\codeigniter4\public\index.php(37): CodeIgniter\CodeIgniter->run()
#8 C:\xampp\htdocs\codeigniter4\system\Commands\Server\rewrite.php(43): require_once('C:\\xampp\\htdocs...')
#9 {main}
CRITICAL - 2022-02-15 12:11:11 --> Undefined variable: pager
#0 C:\xampp\htdocs\codeigniter4\app\Views\produtos\indexProduto.php(64): CodeIgniter\Debug\Exceptions->errorHandler(8, 'Undefined varia...', 'C:\\xampp\\htdocs...', 64, Array)
#1 C:\xampp\htdocs\codeigniter4\system\View\View.php(210): include('C:\\xampp\\htdocs...')
#2 C:\xampp\htdocs\codeigniter4\system\View\View.php(213): CodeIgniter\View\View->CodeIgniter\View\{closure}()
#3 C:\xampp\htdocs\codeigniter4\system\Common.php(1089): CodeIgniter\View\View->render('produtos/indexP...', Array, true)
#4 C:\xampp\htdocs\codeigniter4\app\Controllers\Produtos.php(35): view('produtos/indexP...', Array)
#5 C:\xampp\htdocs\codeigniter4\system\CodeIgniter.php(825): App\Controllers\Produtos->index()
#6 C:\xampp\htdocs\codeigniter4\system\CodeIgniter.php(412): CodeIgniter\CodeIgniter->runController(Object(App\Controllers\Produtos))
#7 C:\xampp\htdocs\codeigniter4\system\CodeIgniter.php(320): CodeIgniter\CodeIgniter->handleRequest(NULL, Object(Config\Cache), false)
#8 C:\xampp\htdocs\codeigniter4\public\index.php(37): CodeIgniter\CodeIgniter->run()
#9 C:\xampp\htdocs\codeigniter4\system\Commands\Server\rewrite.php(43): require_once('C:\\xampp\\htdocs...')
#10 {main}
CRITICAL - 2022-02-15 12:12:03 --> Call to a member function links() on null
#0 C:\xampp\htdocs\codeigniter4\system\View\View.php(210): include()
#1 C:\xampp\htdocs\codeigniter4\system\View\View.php(213): CodeIgniter\View\View->CodeIgniter\View\{closure}()
#2 C:\xampp\htdocs\codeigniter4\system\Common.php(1089): CodeIgniter\View\View->render('produtos/indexP...', Array, true)
#3 C:\xampp\htdocs\codeigniter4\app\Controllers\Produtos.php(37): view('produtos/indexP...', Array)
#4 C:\xampp\htdocs\codeigniter4\system\CodeIgniter.php(825): App\Controllers\Produtos->index()
#5 C:\xampp\htdocs\codeigniter4\system\CodeIgniter.php(412): CodeIgniter\CodeIgniter->runController(Object(App\Controllers\Produtos))
#6 C:\xampp\htdocs\codeigniter4\system\CodeIgniter.php(320): CodeIgniter\CodeIgniter->handleRequest(NULL, Object(Config\Cache), false)
#7 C:\xampp\htdocs\codeigniter4\public\index.php(37): CodeIgniter\CodeIgniter->run()
#8 C:\xampp\htdocs\codeigniter4\system\Commands\Server\rewrite.php(43): require_once('C:\\xampp\\htdocs...')
#9 {main}
ERROR - 2022-02-15 12:25:21 --> You have an error in your SQL syntax; check the manual that corresponds to your MariaDB server version for the right syntax to use near 'ORDER_BY 'nome' DESC LIMIT '20'' at line 3
CRITICAL - 2022-02-15 12:25:21 --> You have an error in your SQL syntax; check the manual that corresponds to your MariaDB server version for the right syntax to use near 'ORDER_BY 'nome' DESC LIMIT '20'' at line 3
#0 C:\xampp\htdocs\codeigniter4\system\Database\MySQLi\Connection.php(292): mysqli->query('\r\n            S...', 0)
#1 C:\xampp\htdocs\codeigniter4\system\Database\BaseConnection.php(670): CodeIgniter\Database\MySQLi\Connection->execute('\r\n            S...')
#2 C:\xampp\htdocs\codeigniter4\system\Database\BaseConnection.php(598): CodeIgniter\Database\BaseConnection->simpleQuery('\r\n            S...')
#3 C:\xampp\htdocs\codeigniter4\app\Models\ProdutoModel.php(28): CodeIgniter\Database\BaseConnection->query('\r\n            S...')
#4 C:\xampp\htdocs\codeigniter4\app\Controllers\Produtos.php(26): App\Models\ProdutoModel->buscarProduto('nome', 'teste')
#5 C:\xampp\htdocs\codeigniter4\system\CodeIgniter.php(825): App\Controllers\Produtos->index()
#6 C:\xampp\htdocs\codeigniter4\system\CodeIgniter.php(412): CodeIgniter\CodeIgniter->runController(Object(App\Controllers\Produtos))
#7 C:\xampp\htdocs\codeigniter4\system\CodeIgniter.php(320): CodeIgniter\CodeIgniter->handleRequest(NULL, Object(Config\Cache), false)
#8 C:\xampp\htdocs\codeigniter4\public\index.php(37): CodeIgniter\CodeIgniter->run()
#9 C:\xampp\htdocs\codeigniter4\system\Commands\Server\rewrite.php(43): require_once('C:\\xampp\\htdocs...')
#10 {main}
CRITICAL - 2022-02-15 12:25:40 --> Call to a member function links() on null
#0 C:\xampp\htdocs\codeigniter4\system\View\View.php(210): include()
#1 C:\xampp\htdocs\codeigniter4\system\View\View.php(213): CodeIgniter\View\View->CodeIgniter\View\{closure}()
#2 C:\xampp\htdocs\codeigniter4\system\Common.php(1089): CodeIgniter\View\View->render('produtos/indexP...', Array, true)
#3 C:\xampp\htdocs\codeigniter4\app\Controllers\Produtos.php(37): view('produtos/indexP...', Array)
#4 C:\xampp\htdocs\codeigniter4\system\CodeIgniter.php(825): App\Controllers\Produtos->index()
#5 C:\xampp\htdocs\codeigniter4\system\CodeIgniter.php(412): CodeIgniter\CodeIgniter->runController(Object(App\Controllers\Produtos))
#6 C:\xampp\htdocs\codeigniter4\system\CodeIgniter.php(320): CodeIgniter\CodeIgniter->handleRequest(NULL, Object(Config\Cache), false)
#7 C:\xampp\htdocs\codeigniter4\public\index.php(37): CodeIgniter\CodeIgniter->run()
#8 C:\xampp\htdocs\codeigniter4\system\Commands\Server\rewrite.php(43): require_once('C:\\xampp\\htdocs...')
#9 {main}
CRITICAL - 2022-02-15 12:26:09 --> Call to a member function links() on null
#0 C:\xampp\htdocs\codeigniter4\system\View\View.php(210): include()
#1 C:\xampp\htdocs\codeigniter4\system\View\View.php(213): CodeIgniter\View\View->CodeIgniter\View\{closure}()
#2 C:\xampp\htdocs\codeigniter4\system\Common.php(1089): CodeIgniter\View\View->render('produtos/indexP...', Array, true)
#3 C:\xampp\htdocs\codeigniter4\app\Controllers\Produtos.php(38): view('produtos/indexP...', Array)
#4 C:\xampp\htdocs\codeigniter4\system\CodeIgniter.php(825): App\Controllers\Produtos->index()
#5 C:\xampp\htdocs\codeigniter4\system\CodeIgniter.php(412): CodeIgniter\CodeIgniter->runController(Object(App\Controllers\Produtos))
#6 C:\xampp\htdocs\codeigniter4\system\CodeIgniter.php(320): CodeIgniter\CodeIgniter->handleRequest(NULL, Object(Config\Cache), false)
#7 C:\xampp\htdocs\codeigniter4\public\index.php(37): CodeIgniter\CodeIgniter->run()
#8 C:\xampp\htdocs\codeigniter4\system\Commands\Server\rewrite.php(43): require_once('C:\\xampp\\htdocs...')
#9 {main}
CRITICAL - 2022-02-15 12:33:44 --> Undefined variable: pager
#0 C:\xampp\htdocs\codeigniter4\app\Views\produtos\indexProduto.php(64): CodeIgniter\Debug\Exceptions->errorHandler(8, 'Undefined varia...', 'C:\\xampp\\htdocs...', 64, Array)
#1 C:\xampp\htdocs\codeigniter4\system\View\View.php(210): include('C:\\xampp\\htdocs...')
#2 C:\xampp\htdocs\codeigniter4\system\View\View.php(213): CodeIgniter\View\View->CodeIgniter\View\{closure}()
#3 C:\xampp\htdocs\codeigniter4\system\Common.php(1089): CodeIgniter\View\View->render('produtos/indexP...', Array, true)
#4 C:\xampp\htdocs\codeigniter4\app\Controllers\Produtos.php(87): view('produtos/indexP...', Array)
#5 C:\xampp\htdocs\codeigniter4\system\CodeIgniter.php(825): App\Controllers\Produtos->pesquisarProduto()
#6 C:\xampp\htdocs\codeigniter4\system\CodeIgniter.php(412): CodeIgniter\CodeIgniter->runController(Object(App\Controllers\Produtos))
#7 C:\xampp\htdocs\codeigniter4\system\CodeIgniter.php(320): CodeIgniter\CodeIgniter->handleRequest(NULL, Object(Config\Cache), false)
#8 C:\xampp\htdocs\codeigniter4\public\index.php(37): CodeIgniter\CodeIgniter->run()
#9 C:\xampp\htdocs\codeigniter4\system\Commands\Server\rewrite.php(43): require_once('C:\\xampp\\htdocs...')
#10 {main}
CRITICAL - 2022-02-15 12:34:08 --> Undefined variable: pager
#0 C:\xampp\htdocs\codeigniter4\app\Views\produtos\indexProduto.php(64): CodeIgniter\Debug\Exceptions->errorHandler(8, 'Undefined varia...', 'C:\\xampp\\htdocs...', 64, Array)
#1 C:\xampp\htdocs\codeigniter4\system\View\View.php(210): include('C:\\xampp\\htdocs...')
#2 C:\xampp\htdocs\codeigniter4\system\View\View.php(213): CodeIgniter\View\View->CodeIgniter\View\{closure}()
#3 C:\xampp\htdocs\codeigniter4\system\Common.php(1089): CodeIgniter\View\View->render('produtos/indexP...', Array, true)
#4 C:\xampp\htdocs\codeigniter4\app\Controllers\Produtos.php(26): view('produtos/indexP...', Array)
#5 C:\xampp\htdocs\codeigniter4\system\CodeIgniter.php(825): App\Controllers\Produtos->index()
#6 C:\xampp\htdocs\codeigniter4\system\CodeIgniter.php(412): CodeIgniter\CodeIgniter->runController(Object(App\Controllers\Produtos))
#7 C:\xampp\htdocs\codeigniter4\system\CodeIgniter.php(320): CodeIgniter\CodeIgniter->handleRequest(NULL, Object(Config\Cache), false)
#8 C:\xampp\htdocs\codeigniter4\public\index.php(37): CodeIgniter\CodeIgniter->run()
#9 C:\xampp\htdocs\codeigniter4\system\Commands\Server\rewrite.php(43): require_once('C:\\xampp\\htdocs...')
#10 {main}
ERROR - 2022-02-15 13:25:48 --> You have an error in your SQL syntax; check the manual that corresponds to your MariaDB server version for the right syntax to use near 'LIKE '%teste%'' at line 2
CRITICAL - 2022-02-15 13:25:48 --> You have an error in your SQL syntax; check the manual that corresponds to your MariaDB server version for the right syntax to use near 'LIKE '%teste%'' at line 2
#0 C:\xampp\htdocs\codeigniter4\system\Database\MySQLi\Connection.php(292): mysqli->query('\r\n            S...', 0)
#1 C:\xampp\htdocs\codeigniter4\system\Database\BaseConnection.php(670): CodeIgniter\Database\MySQLi\Connection->execute('\r\n            S...')
#2 C:\xampp\htdocs\codeigniter4\system\Database\BaseConnection.php(598): CodeIgniter\Database\BaseConnection->simpleQuery('\r\n            S...')
#3 C:\xampp\htdocs\codeigniter4\app\Models\ProdutoModel.php(27): CodeIgniter\Database\BaseConnection->query('\r\n            S...')
#4 C:\xampp\htdocs\codeigniter4\app\Controllers\Produtos.php(25): App\Models\ProdutoModel->buscarProduto(NULL, 'teste')
#5 C:\xampp\htdocs\codeigniter4\system\CodeIgniter.php(825): App\Controllers\Produtos->index()
#6 C:\xampp\htdocs\codeigniter4\system\CodeIgniter.php(412): CodeIgniter\CodeIgniter->runController(Object(App\Controllers\Produtos))
#7 C:\xampp\htdocs\codeigniter4\system\CodeIgniter.php(320): CodeIgniter\CodeIgniter->handleRequest(NULL, Object(Config\Cache), false)
#8 C:\xampp\htdocs\codeigniter4\public\index.php(37): CodeIgniter\CodeIgniter->run()
#9 C:\xampp\htdocs\codeigniter4\system\Commands\Server\rewrite.php(43): require_once('C:\\xampp\\htdocs...')
#10 {main}
CRITICAL - 2022-02-15 13:33:33 --> Invalid file: templates/footer.php
#0 C:\xampp\htdocs\codeigniter4\system\View\View.php(198): CodeIgniter\Exceptions\FrameworkException::forInvalidFile('templates/foote...')
#1 C:\xampp\htdocs\codeigniter4\system\Common.php(1089): CodeIgniter\View\View->render('templates/foote...', Array, true)
#2 C:\xampp\htdocs\codeigniter4\app\Controllers\Menu.php(13): view('templates/foote...')
#3 C:\xampp\htdocs\codeigniter4\system\CodeIgniter.php(825): App\Controllers\Menu->index()
#4 C:\xampp\htdocs\codeigniter4\system\CodeIgniter.php(412): CodeIgniter\CodeIgniter->runController(Object(App\Controllers\Menu))
#5 C:\xampp\htdocs\codeigniter4\system\CodeIgniter.php(320): CodeIgniter\CodeIgniter->handleRequest(NULL, Object(Config\Cache), false)
#6 C:\xampp\htdocs\codeigniter4\public\index.php(37): CodeIgniter\CodeIgniter->run()
#7 C:\xampp\htdocs\codeigniter4\system\Commands\Server\rewrite.php(43): require_once('C:\\xampp\\htdocs...')
#8 {main}
