CRITICAL - 2022-02-13 12:46:13 --> Invalid file: welcome_message.php
#0 C:\xampp\htdocs\codeigniter4\system\View\View.php(198): CodeIgniter\Exceptions\FrameworkException::forInvalidFile('welcome_message...')
#1 C:\xampp\htdocs\codeigniter4\system\Common.php(1089): CodeIgniter\View\View->render('welcome_message', Array, true)
#2 C:\xampp\htdocs\codeigniter4\app\Controllers\Home.php(9): view('welcome_message')
#3 C:\xampp\htdocs\codeigniter4\system\CodeIgniter.php(825): App\Controllers\Home->index()
#4 C:\xampp\htdocs\codeigniter4\system\CodeIgniter.php(412): CodeIgniter\CodeIgniter->runController(Object(App\Controllers\Home))
#5 C:\xampp\htdocs\codeigniter4\system\CodeIgniter.php(320): CodeIgniter\CodeIgniter->handleRequest(NULL, Object(Config\Cache), false)
#6 C:\xampp\htdocs\codeigniter4\public\index.php(37): CodeIgniter\CodeIgniter->run()
#7 C:\xampp\htdocs\codeigniter4\system\Commands\Server\rewrite.php(43): require_once('C:\\xampp\\htdocs...')
#8 {main}
CRITICAL - 2022-02-13 12:56:02 --> Undefined index: id
#0 C:\xampp\htdocs\codeigniter4\app\Views\produtos\indexProdutos.php(108): CodeIgniter\Debug\Exceptions->errorHandler(8, 'Undefined index...', 'C:\\xampp\\htdocs...', 108, Array)
#1 C:\xampp\htdocs\codeigniter4\system\View\View.php(210): include('C:\\xampp\\htdocs...')
#2 C:\xampp\htdocs\codeigniter4\system\View\View.php(213): CodeIgniter\View\View->CodeIgniter\View\{closure}()
#3 C:\xampp\htdocs\codeigniter4\system\Common.php(1089): CodeIgniter\View\View->render('produtos/indexP...', Array, true)
#4 C:\xampp\htdocs\codeigniter4\app\Controllers\Produtos.php(37): view('produtos/indexP...', Array)
#5 C:\xampp\htdocs\codeigniter4\system\CodeIgniter.php(825): App\Controllers\Produtos->listaProdutos()
#6 C:\xampp\htdocs\codeigniter4\system\CodeIgniter.php(412): CodeIgniter\CodeIgniter->runController(Object(App\Controllers\Produtos))
#7 C:\xampp\htdocs\codeigniter4\system\CodeIgniter.php(320): CodeIgniter\CodeIgniter->handleRequest(NULL, Object(Config\Cache), false)
#8 C:\xampp\htdocs\codeigniter4\public\index.php(37): CodeIgniter\CodeIgniter->run()
#9 C:\xampp\htdocs\codeigniter4\system\Commands\Server\rewrite.php(43): require_once('C:\\xampp\\htdocs...')
#10 {main}
CRITICAL - 2022-02-13 15:45:14 --> Invalid file: welcome_message.php
#0 C:\xampp\htdocs\codeigniter4\system\View\View.php(198): CodeIgniter\Exceptions\FrameworkException::forInvalidFile('welcome_message...')
#1 C:\xampp\htdocs\codeigniter4\system\Common.php(1089): CodeIgniter\View\View->render('welcome_message', Array, true)
#2 C:\xampp\htdocs\codeigniter4\app\Controllers\Home.php(9): view('welcome_message')
#3 C:\xampp\htdocs\codeigniter4\system\CodeIgniter.php(825): App\Controllers\Home->index()
#4 C:\xampp\htdocs\codeigniter4\system\CodeIgniter.php(412): CodeIgniter\CodeIgniter->runController(Object(App\Controllers\Home))
#5 C:\xampp\htdocs\codeigniter4\system\CodeIgniter.php(320): CodeIgniter\CodeIgniter->handleRequest(NULL, Object(Config\Cache), false)
#6 C:\xampp\htdocs\codeigniter4\public\index.php(37): CodeIgniter\CodeIgniter->run()
#7 C:\xampp\htdocs\codeigniter4\system\Commands\Server\rewrite.php(43): require_once('C:\\xampp\\htdocs...')
#8 {main}
CRITICAL - 2022-02-13 16:28:59 --> Invalid file: welcome_message.php
#0 C:\xampp\htdocs\codeigniter4\system\View\View.php(198): CodeIgniter\Exceptions\FrameworkException::forInvalidFile('welcome_message...')
#1 C:\xampp\htdocs\codeigniter4\system\Common.php(1089): CodeIgniter\View\View->render('welcome_message', Array, true)
#2 C:\xampp\htdocs\codeigniter4\app\Controllers\Home.php(9): view('welcome_message')
#3 C:\xampp\htdocs\codeigniter4\system\CodeIgniter.php(825): App\Controllers\Home->index()
#4 C:\xampp\htdocs\codeigniter4\system\CodeIgniter.php(412): CodeIgniter\CodeIgniter->runController(Object(App\Controllers\Home))
#5 C:\xampp\htdocs\codeigniter4\system\CodeIgniter.php(320): CodeIgniter\CodeIgniter->handleRequest(NULL, Object(Config\Cache), false)
#6 C:\xampp\htdocs\codeigniter4\public\index.php(37): CodeIgniter\CodeIgniter->run()
#7 {main}
CRITICAL - 2022-02-13 16:31:04 --> Invalid file: welcome_message.php
#0 C:\xampp\htdocs\codeigniter4\system\View\View.php(198): CodeIgniter\Exceptions\FrameworkException::forInvalidFile('welcome_message...')
#1 C:\xampp\htdocs\codeigniter4\system\Common.php(1089): CodeIgniter\View\View->render('welcome_message', Array, true)
#2 C:\xampp\htdocs\codeigniter4\app\Controllers\Home.php(9): view('welcome_message')
#3 C:\xampp\htdocs\codeigniter4\system\CodeIgniter.php(825): App\Controllers\Home->index()
#4 C:\xampp\htdocs\codeigniter4\system\CodeIgniter.php(412): CodeIgniter\CodeIgniter->runController(Object(App\Controllers\Home))
#5 C:\xampp\htdocs\codeigniter4\system\CodeIgniter.php(320): CodeIgniter\CodeIgniter->handleRequest(NULL, Object(Config\Cache), false)
#6 C:\xampp\htdocs\codeigniter4\public\index.php(37): CodeIgniter\CodeIgniter->run()
#7 {main}
CRITICAL - 2022-02-13 16:31:11 --> Invalid file: welcome_message.php
#0 C:\xampp\htdocs\codeigniter4\system\View\View.php(198): CodeIgniter\Exceptions\FrameworkException::forInvalidFile('welcome_message...')
#1 C:\xampp\htdocs\codeigniter4\system\Common.php(1089): CodeIgniter\View\View->render('welcome_message', Array, true)
#2 C:\xampp\htdocs\codeigniter4\app\Controllers\Home.php(9): view('welcome_message')
#3 C:\xampp\htdocs\codeigniter4\system\CodeIgniter.php(825): App\Controllers\Home->index()
#4 C:\xampp\htdocs\codeigniter4\system\CodeIgniter.php(412): CodeIgniter\CodeIgniter->runController(Object(App\Controllers\Home))
#5 C:\xampp\htdocs\codeigniter4\system\CodeIgniter.php(320): CodeIgniter\CodeIgniter->handleRequest(NULL, Object(Config\Cache), false)
#6 C:\xampp\htdocs\codeigniter4\public\index.php(37): CodeIgniter\CodeIgniter->run()
#7 C:\xampp\htdocs\codeigniter4\system\Commands\Server\rewrite.php(43): require_once('C:\\xampp\\htdocs...')
#8 {main}
CRITICAL - 2022-02-13 16:31:29 --> Invalid file: welcome_message.php
#0 C:\xampp\htdocs\codeigniter4\system\View\View.php(198): CodeIgniter\Exceptions\FrameworkException::forInvalidFile('welcome_message...')
#1 C:\xampp\htdocs\codeigniter4\system\Common.php(1089): CodeIgniter\View\View->render('welcome_message', Array, true)
#2 C:\xampp\htdocs\codeigniter4\app\Controllers\Home.php(9): view('welcome_message')
#3 C:\xampp\htdocs\codeigniter4\system\CodeIgniter.php(825): App\Controllers\Home->index()
#4 C:\xampp\htdocs\codeigniter4\system\CodeIgniter.php(412): CodeIgniter\CodeIgniter->runController(Object(App\Controllers\Home))
#5 C:\xampp\htdocs\codeigniter4\system\CodeIgniter.php(320): CodeIgniter\CodeIgniter->handleRequest(NULL, Object(Config\Cache), false)
#6 C:\xampp\htdocs\codeigniter4\public\index.php(37): CodeIgniter\CodeIgniter->run()
#7 C:\xampp\htdocs\codeigniter4\system\Commands\Server\rewrite.php(43): require_once('C:\\xampp\\htdocs...')
#8 {main}
ERROR - 2022-02-13 16:44:35 --> Can't create table `teste_ci4`.`pedidos` (errno: 150 "Foreign key constraint is incorrectly formed")
ERROR - 2022-02-13 16:49:24 --> Incorrect table definition; there can be only one auto column and it must be defined as a key
ERROR - 2022-02-13 16:50:10 --> Incorrect table definition; there can be only one auto column and it must be defined as a key
ERROR - 2022-02-13 16:51:06 --> Can't create table `teste_ci4`.`pedidos` (errno: 150 "Foreign key constraint is incorrectly formed")
ERROR - 2022-02-13 16:55:46 --> Can't create table `teste_ci4`.`pedidos` (errno: 150 "Foreign key constraint is incorrectly formed")
ERROR - 2022-02-13 17:00:01 --> Can't create table `teste_ci4`.`pedidos` (errno: 150 "Foreign key constraint is incorrectly formed")
ERROR - 2022-02-13 17:03:26 --> Can't create table `teste_ci4`.`pedidos` (errno: 150 "Foreign key constraint is incorrectly formed")
CRITICAL - 2022-02-13 21:14:25 --> Undefined property: App\Controllers\Produtos::$mrequest
#0 C:\xampp\htdocs\codeigniter4\app\Controllers\Produtos.php(26): CodeIgniter\Debug\Exceptions->errorHandler(8, 'Undefined prope...', 'C:\\xampp\\htdocs...', 26, Array)
#1 C:\xampp\htdocs\codeigniter4\system\CodeIgniter.php(825): App\Controllers\Produtos->salvarProduto()
#2 C:\xampp\htdocs\codeigniter4\system\CodeIgniter.php(412): CodeIgniter\CodeIgniter->runController(Object(App\Controllers\Produtos))
#3 C:\xampp\htdocs\codeigniter4\system\CodeIgniter.php(320): CodeIgniter\CodeIgniter->handleRequest(NULL, Object(Config\Cache), false)
#4 C:\xampp\htdocs\codeigniter4\public\index.php(37): CodeIgniter\CodeIgniter->run()
#5 C:\xampp\htdocs\codeigniter4\system\Commands\Server\rewrite.php(43): require_once('C:\\xampp\\htdocs...')
#6 {main}
CRITICAL - 2022-02-13 21:15:56 --> Undefined property: App\Controllers\Produtos::$mrequest
#0 C:\xampp\htdocs\codeigniter4\app\Controllers\Produtos.php(24): CodeIgniter\Debug\Exceptions->errorHandler(8, 'Undefined prope...', 'C:\\xampp\\htdocs...', 24, Array)
#1 C:\xampp\htdocs\codeigniter4\system\CodeIgniter.php(825): App\Controllers\Produtos->salvarProduto()
#2 C:\xampp\htdocs\codeigniter4\system\CodeIgniter.php(412): CodeIgniter\CodeIgniter->runController(Object(App\Controllers\Produtos))
#3 C:\xampp\htdocs\codeigniter4\system\CodeIgniter.php(320): CodeIgniter\CodeIgniter->handleRequest(NULL, Object(Config\Cache), false)
#4 C:\xampp\htdocs\codeigniter4\public\index.php(37): CodeIgniter\CodeIgniter->run()
#5 C:\xampp\htdocs\codeigniter4\system\Commands\Server\rewrite.php(43): require_once('C:\\xampp\\htdocs...')
#6 {main}
CRITICAL - 2022-02-13 22:48:21 --> Undefined variable: pager
#0 C:\xampp\htdocs\codeigniter4\app\Views\produtos\indexProduto.php(44): CodeIgniter\Debug\Exceptions->errorHandler(8, 'Undefined varia...', 'C:\\xampp\\htdocs...', 44, Array)
#1 C:\xampp\htdocs\codeigniter4\system\View\View.php(210): include('C:\\xampp\\htdocs...')
#2 C:\xampp\htdocs\codeigniter4\system\View\View.php(213): CodeIgniter\View\View->CodeIgniter\View\{closure}()
#3 C:\xampp\htdocs\codeigniter4\system\Common.php(1089): CodeIgniter\View\View->render('produtos/indexP...', Array, true)
#4 C:\xampp\htdocs\codeigniter4\app\Controllers\Produtos.php(23): view('produtos/indexP...', Array)
#5 C:\xampp\htdocs\codeigniter4\system\CodeIgniter.php(825): App\Controllers\Produtos->index()
#6 C:\xampp\htdocs\codeigniter4\system\CodeIgniter.php(412): CodeIgniter\CodeIgniter->runController(Object(App\Controllers\Produtos))
#7 C:\xampp\htdocs\codeigniter4\system\CodeIgniter.php(320): CodeIgniter\CodeIgniter->handleRequest(NULL, Object(Config\Cache), false)
#8 C:\xampp\htdocs\codeigniter4\public\index.php(37): CodeIgniter\CodeIgniter->run()
#9 C:\xampp\htdocs\codeigniter4\system\Commands\Server\rewrite.php(43): require_once('C:\\xampp\\htdocs...')
#10 {main}
CRITICAL - 2022-02-13 22:50:23 --> Undefined variable: pager
#0 C:\xampp\htdocs\codeigniter4\app\Views\produtos\indexProduto.php(44): CodeIgniter\Debug\Exceptions->errorHandler(8, 'Undefined varia...', 'C:\\xampp\\htdocs...', 44, Array)
#1 C:\xampp\htdocs\codeigniter4\system\View\View.php(210): include('C:\\xampp\\htdocs...')
#2 C:\xampp\htdocs\codeigniter4\system\View\View.php(213): CodeIgniter\View\View->CodeIgniter\View\{closure}()
#3 C:\xampp\htdocs\codeigniter4\system\Common.php(1089): CodeIgniter\View\View->render('produtos/indexP...', Array, true)
#4 C:\xampp\htdocs\codeigniter4\app\Controllers\Produtos.php(24): view('produtos/indexP...', Array)
#5 C:\xampp\htdocs\codeigniter4\system\CodeIgniter.php(825): App\Controllers\Produtos->index()
#6 C:\xampp\htdocs\codeigniter4\system\CodeIgniter.php(412): CodeIgniter\CodeIgniter->runController(Object(App\Controllers\Produtos))
#7 C:\xampp\htdocs\codeigniter4\system\CodeIgniter.php(320): CodeIgniter\CodeIgniter->handleRequest(NULL, Object(Config\Cache), false)
#8 C:\xampp\htdocs\codeigniter4\public\index.php(37): CodeIgniter\CodeIgniter->run()
#9 C:\xampp\htdocs\codeigniter4\system\Commands\Server\rewrite.php(43): require_once('C:\\xampp\\htdocs...')
#10 {main}
CRITICAL - 2022-02-13 22:56:37 --> Undefined index: nome
#0 C:\xampp\htdocs\codeigniter4\app\Views\produtos\indexProduto.php(34): CodeIgniter\Debug\Exceptions->errorHandler(8, 'Undefined index...', 'C:\\xampp\\htdocs...', 34, Array)
#1 C:\xampp\htdocs\codeigniter4\system\View\View.php(210): include('C:\\xampp\\htdocs...')
#2 C:\xampp\htdocs\codeigniter4\system\View\View.php(213): CodeIgniter\View\View->CodeIgniter\View\{closure}()
#3 C:\xampp\htdocs\codeigniter4\system\Common.php(1089): CodeIgniter\View\View->render('produtos/indexP...', Array, true)
#4 C:\xampp\htdocs\codeigniter4\app\Controllers\Produtos.php(27): view('produtos/indexP...', Array)
#5 C:\xampp\htdocs\codeigniter4\system\CodeIgniter.php(825): App\Controllers\Produtos->index()
#6 C:\xampp\htdocs\codeigniter4\system\CodeIgniter.php(412): CodeIgniter\CodeIgniter->runController(Object(App\Controllers\Produtos))
#7 C:\xampp\htdocs\codeigniter4\system\CodeIgniter.php(320): CodeIgniter\CodeIgniter->handleRequest(NULL, Object(Config\Cache), false)
#8 C:\xampp\htdocs\codeigniter4\public\index.php(37): CodeIgniter\CodeIgniter->run()
#9 C:\xampp\htdocs\codeigniter4\system\Commands\Server\rewrite.php(43): require_once('C:\\xampp\\htdocs...')
#10 {main}
CRITICAL - 2022-02-13 23:12:57 --> Undefined variable: pager
#0 C:\xampp\htdocs\codeigniter4\app\Views\produtos\indexProduto.php(44): CodeIgniter\Debug\Exceptions->errorHandler(8, 'Undefined varia...', 'C:\\xampp\\htdocs...', 44, Array)
#1 C:\xampp\htdocs\codeigniter4\system\View\View.php(210): include('C:\\xampp\\htdocs...')
#2 C:\xampp\htdocs\codeigniter4\system\View\View.php(213): CodeIgniter\View\View->CodeIgniter\View\{closure}()
#3 C:\xampp\htdocs\codeigniter4\system\Common.php(1089): CodeIgniter\View\View->render('produtos/indexP...', Array, true)
#4 C:\xampp\htdocs\codeigniter4\app\Controllers\Produtos.php(23): view('produtos/indexP...', Array)
#5 C:\xampp\htdocs\codeigniter4\system\CodeIgniter.php(825): App\Controllers\Produtos->index()
#6 C:\xampp\htdocs\codeigniter4\system\CodeIgniter.php(412): CodeIgniter\CodeIgniter->runController(Object(App\Controllers\Produtos))
#7 C:\xampp\htdocs\codeigniter4\system\CodeIgniter.php(320): CodeIgniter\CodeIgniter->handleRequest(NULL, Object(Config\Cache), false)
#8 C:\xampp\htdocs\codeigniter4\public\index.php(37): CodeIgniter\CodeIgniter->run()
#9 C:\xampp\htdocs\codeigniter4\system\Commands\Server\rewrite.php(43): require_once('C:\\xampp\\htdocs...')
#10 {main}
