CRITICAL - 2022-02-14 00:19:51 --> Trying to access array offset on value of type null
#0 C:\xampp\htdocs\codeigniter4\app\Views\produtos\verProduto.php(16): CodeIgniter\Debug\Exceptions->errorHandler(8, 'Trying to acces...', 'C:\\xampp\\htdocs...', 16, Array)
#1 C:\xampp\htdocs\codeigniter4\system\View\View.php(210): include('C:\\xampp\\htdocs...')
#2 C:\xampp\htdocs\codeigniter4\system\View\View.php(213): CodeIgniter\View\View->CodeIgniter\View\{closure}()
#3 C:\xampp\htdocs\codeigniter4\system\Common.php(1089): CodeIgniter\View\View->render('produtos/verPro...', Array, true)
#4 C:\xampp\htdocs\codeigniter4\app\Controllers\Produtos.php(69): view('produtos/verPro...', Array)
#5 C:\xampp\htdocs\codeigniter4\system\CodeIgniter.php(825): App\Controllers\Produtos->verProduto('Teclado')
#6 C:\xampp\htdocs\codeigniter4\system\CodeIgniter.php(412): CodeIgniter\CodeIgniter->runController(Object(App\Controllers\Produtos))
#7 C:\xampp\htdocs\codeigniter4\system\CodeIgniter.php(320): CodeIgniter\CodeIgniter->handleRequest(NULL, Object(Config\Cache), false)
#8 C:\xampp\htdocs\codeigniter4\public\index.php(37): CodeIgniter\CodeIgniter->run()
#9 C:\xampp\htdocs\codeigniter4\system\Commands\Server\rewrite.php(43): require_once('C:\\xampp\\htdocs...')
#10 {main}
CRITICAL - 2022-02-14 00:21:39 --> Trying to access array offset on value of type null
#0 C:\xampp\htdocs\codeigniter4\app\Views\produtos\verProduto.php(16): CodeIgniter\Debug\Exceptions->errorHandler(8, 'Trying to acces...', 'C:\\xampp\\htdocs...', 16, Array)
#1 C:\xampp\htdocs\codeigniter4\system\View\View.php(210): include('C:\\xampp\\htdocs...')
#2 C:\xampp\htdocs\codeigniter4\system\View\View.php(213): CodeIgniter\View\View->CodeIgniter\View\{closure}()
#3 C:\xampp\htdocs\codeigniter4\system\Common.php(1089): CodeIgniter\View\View->render('produtos/verPro...', Array, true)
#4 C:\xampp\htdocs\codeigniter4\app\Controllers\Produtos.php(69): view('produtos/verPro...', Array)
#5 C:\xampp\htdocs\codeigniter4\system\CodeIgniter.php(825): App\Controllers\Produtos->verProduto('Teclado')
#6 C:\xampp\htdocs\codeigniter4\system\CodeIgniter.php(412): CodeIgniter\CodeIgniter->runController(Object(App\Controllers\Produtos))
#7 C:\xampp\htdocs\codeigniter4\system\CodeIgniter.php(320): CodeIgniter\CodeIgniter->handleRequest(NULL, Object(Config\Cache), false)
#8 C:\xampp\htdocs\codeigniter4\public\index.php(37): CodeIgniter\CodeIgniter->run()
#9 C:\xampp\htdocs\codeigniter4\system\Commands\Server\rewrite.php(43): require_once('C:\\xampp\\htdocs...')
#10 {main}
CRITICAL - 2022-02-14 00:22:18 --> Trying to access array offset on value of type null
#0 C:\xampp\htdocs\codeigniter4\app\Views\produtos\verProduto.php(16): CodeIgniter\Debug\Exceptions->errorHandler(8, 'Trying to acces...', 'C:\\xampp\\htdocs...', 16, Array)
#1 C:\xampp\htdocs\codeigniter4\system\View\View.php(210): include('C:\\xampp\\htdocs...')
#2 C:\xampp\htdocs\codeigniter4\system\View\View.php(213): CodeIgniter\View\View->CodeIgniter\View\{closure}()
#3 C:\xampp\htdocs\codeigniter4\system\Common.php(1089): CodeIgniter\View\View->render('produtos/verPro...', Array, true)
#4 C:\xampp\htdocs\codeigniter4\app\Controllers\Produtos.php(69): view('produtos/verPro...', Array)
#5 C:\xampp\htdocs\codeigniter4\system\CodeIgniter.php(825): App\Controllers\Produtos->verProduto('1')
#6 C:\xampp\htdocs\codeigniter4\system\CodeIgniter.php(412): CodeIgniter\CodeIgniter->runController(Object(App\Controllers\Produtos))
#7 C:\xampp\htdocs\codeigniter4\system\CodeIgniter.php(320): CodeIgniter\CodeIgniter->handleRequest(NULL, Object(Config\Cache), false)
#8 C:\xampp\htdocs\codeigniter4\public\index.php(37): CodeIgniter\CodeIgniter->run()
#9 C:\xampp\htdocs\codeigniter4\system\Commands\Server\rewrite.php(43): require_once('C:\\xampp\\htdocs...')
#10 {main}
CRITICAL - 2022-02-14 00:24:32 --> Trying to access array offset on value of type null
#0 C:\xampp\htdocs\codeigniter4\app\Views\produtos\verProduto.php(16): CodeIgniter\Debug\Exceptions->errorHandler(8, 'Trying to acces...', 'C:\\xampp\\htdocs...', 16, Array)
#1 C:\xampp\htdocs\codeigniter4\system\View\View.php(210): include('C:\\xampp\\htdocs...')
#2 C:\xampp\htdocs\codeigniter4\system\View\View.php(213): CodeIgniter\View\View->CodeIgniter\View\{closure}()
#3 C:\xampp\htdocs\codeigniter4\system\Common.php(1089): CodeIgniter\View\View->render('produtos/verPro...', Array, true)
#4 C:\xampp\htdocs\codeigniter4\app\Controllers\Produtos.php(69): view('produtos/verPro...', Array)
#5 C:\xampp\htdocs\codeigniter4\system\CodeIgniter.php(825): App\Controllers\Produtos->verProduto('1')
#6 C:\xampp\htdocs\codeigniter4\system\CodeIgniter.php(412): CodeIgniter\CodeIgniter->runController(Object(App\Controllers\Produtos))
#7 C:\xampp\htdocs\codeigniter4\system\CodeIgniter.php(320): CodeIgniter\CodeIgniter->handleRequest(NULL, Object(Config\Cache), false)
#8 C:\xampp\htdocs\codeigniter4\public\index.php(37): CodeIgniter\CodeIgniter->run()
#9 C:\xampp\htdocs\codeigniter4\system\Commands\Server\rewrite.php(43): require_once('C:\\xampp\\htdocs...')
#10 {main}
CRITICAL - 2022-02-14 11:31:59 --> Undefined property: App\Controllers\Pedidos::$PedidoModel
#0 C:\xampp\htdocs\codeigniter4\app\Controllers\Pedidos.php(19): CodeIgniter\Debug\Exceptions->errorHandler(8, 'Undefined prope...', 'C:\\xampp\\htdocs...', 19, Array)
#1 C:\xampp\htdocs\codeigniter4\system\CodeIgniter.php(825): App\Controllers\Pedidos->index()
#2 C:\xampp\htdocs\codeigniter4\system\CodeIgniter.php(412): CodeIgniter\CodeIgniter->runController(Object(App\Controllers\Pedidos))
#3 C:\xampp\htdocs\codeigniter4\system\CodeIgniter.php(320): CodeIgniter\CodeIgniter->handleRequest(NULL, Object(Config\Cache), false)
#4 C:\xampp\htdocs\codeigniter4\public\index.php(37): CodeIgniter\CodeIgniter->run()
#5 C:\xampp\htdocs\codeigniter4\system\Commands\Server\rewrite.php(43): require_once('C:\\xampp\\htdocs...')
#6 {main}
CRITICAL - 2022-02-14 11:36:05 --> Invalid file: produtos/indexPedido.php
#0 C:\xampp\htdocs\codeigniter4\system\View\View.php(198): CodeIgniter\Exceptions\FrameworkException::forInvalidFile('produtos/indexP...')
#1 C:\xampp\htdocs\codeigniter4\system\Common.php(1089): CodeIgniter\View\View->render('produtos/indexP...', Array, true)
#2 C:\xampp\htdocs\codeigniter4\app\Controllers\Pedidos.php(29): view('produtos/indexP...', Array)
#3 C:\xampp\htdocs\codeigniter4\system\CodeIgniter.php(825): App\Controllers\Pedidos->index()
#4 C:\xampp\htdocs\codeigniter4\system\CodeIgniter.php(412): CodeIgniter\CodeIgniter->runController(Object(App\Controllers\Pedidos))
#5 C:\xampp\htdocs\codeigniter4\system\CodeIgniter.php(320): CodeIgniter\CodeIgniter->handleRequest(NULL, Object(Config\Cache), false)
#6 C:\xampp\htdocs\codeigniter4\public\index.php(37): CodeIgniter\CodeIgniter->run()
#7 C:\xampp\htdocs\codeigniter4\system\Commands\Server\rewrite.php(43): require_once('C:\\xampp\\htdocs...')
#8 {main}
CRITICAL - 2022-02-14 11:36:10 --> Invalid file: produtos/indexPedido.php
#0 C:\xampp\htdocs\codeigniter4\system\View\View.php(198): CodeIgniter\Exceptions\FrameworkException::forInvalidFile('produtos/indexP...')
#1 C:\xampp\htdocs\codeigniter4\system\Common.php(1089): CodeIgniter\View\View->render('produtos/indexP...', Array, true)
#2 C:\xampp\htdocs\codeigniter4\app\Controllers\Pedidos.php(29): view('produtos/indexP...', Array)
#3 C:\xampp\htdocs\codeigniter4\system\CodeIgniter.php(825): App\Controllers\Pedidos->index()
#4 C:\xampp\htdocs\codeigniter4\system\CodeIgniter.php(412): CodeIgniter\CodeIgniter->runController(Object(App\Controllers\Pedidos))
#5 C:\xampp\htdocs\codeigniter4\system\CodeIgniter.php(320): CodeIgniter\CodeIgniter->handleRequest(NULL, Object(Config\Cache), false)
#6 C:\xampp\htdocs\codeigniter4\public\index.php(37): CodeIgniter\CodeIgniter->run()
#7 C:\xampp\htdocs\codeigniter4\system\Commands\Server\rewrite.php(43): require_once('C:\\xampp\\htdocs...')
#8 {main}
CRITICAL - 2022-02-14 11:36:36 --> Invalid file: produtos/indexPedido.php
#0 C:\xampp\htdocs\codeigniter4\system\View\View.php(198): CodeIgniter\Exceptions\FrameworkException::forInvalidFile('produtos/indexP...')
#1 C:\xampp\htdocs\codeigniter4\system\Common.php(1089): CodeIgniter\View\View->render('produtos/indexP...', Array, true)
#2 C:\xampp\htdocs\codeigniter4\app\Controllers\Pedidos.php(29): view('produtos/indexP...', Array)
#3 C:\xampp\htdocs\codeigniter4\system\CodeIgniter.php(825): App\Controllers\Pedidos->index()
#4 C:\xampp\htdocs\codeigniter4\system\CodeIgniter.php(412): CodeIgniter\CodeIgniter->runController(Object(App\Controllers\Pedidos))
#5 C:\xampp\htdocs\codeigniter4\system\CodeIgniter.php(320): CodeIgniter\CodeIgniter->handleRequest(NULL, Object(Config\Cache), false)
#6 C:\xampp\htdocs\codeigniter4\public\index.php(37): CodeIgniter\CodeIgniter->run()
#7 C:\xampp\htdocs\codeigniter4\system\Commands\Server\rewrite.php(43): require_once('C:\\xampp\\htdocs...')
#8 {main}
CRITICAL - 2022-02-14 11:37:15 --> Invalid file: produtos/indexPedido.php
#0 C:\xampp\htdocs\codeigniter4\system\View\View.php(198): CodeIgniter\Exceptions\FrameworkException::forInvalidFile('produtos/indexP...')
#1 C:\xampp\htdocs\codeigniter4\system\Common.php(1089): CodeIgniter\View\View->render('produtos/indexP...', Array, true)
#2 C:\xampp\htdocs\codeigniter4\app\Controllers\Pedidos.php(29): view('produtos/indexP...', Array)
#3 C:\xampp\htdocs\codeigniter4\system\CodeIgniter.php(825): App\Controllers\Pedidos->index()
#4 C:\xampp\htdocs\codeigniter4\system\CodeIgniter.php(412): CodeIgniter\CodeIgniter->runController(Object(App\Controllers\Pedidos))
#5 C:\xampp\htdocs\codeigniter4\system\CodeIgniter.php(320): CodeIgniter\CodeIgniter->handleRequest(NULL, Object(Config\Cache), false)
#6 C:\xampp\htdocs\codeigniter4\public\index.php(37): CodeIgniter\CodeIgniter->run()
#7 C:\xampp\htdocs\codeigniter4\system\Commands\Server\rewrite.php(43): require_once('C:\\xampp\\htdocs...')
#8 {main}
CRITICAL - 2022-02-14 11:38:03 --> Invalid file: produtos/indexPedido.php
#0 C:\xampp\htdocs\codeigniter4\system\View\View.php(198): CodeIgniter\Exceptions\FrameworkException::forInvalidFile('produtos/indexP...')
#1 C:\xampp\htdocs\codeigniter4\system\Common.php(1089): CodeIgniter\View\View->render('produtos/indexP...', Array, true)
#2 C:\xampp\htdocs\codeigniter4\app\Controllers\Pedidos.php(29): view('produtos/indexP...', Array)
#3 C:\xampp\htdocs\codeigniter4\system\CodeIgniter.php(825): App\Controllers\Pedidos->index()
#4 C:\xampp\htdocs\codeigniter4\system\CodeIgniter.php(412): CodeIgniter\CodeIgniter->runController(Object(App\Controllers\Pedidos))
#5 C:\xampp\htdocs\codeigniter4\system\CodeIgniter.php(320): CodeIgniter\CodeIgniter->handleRequest(NULL, Object(Config\Cache), false)
#6 C:\xampp\htdocs\codeigniter4\public\index.php(37): CodeIgniter\CodeIgniter->run()
#7 C:\xampp\htdocs\codeigniter4\system\Commands\Server\rewrite.php(43): require_once('C:\\xampp\\htdocs...')
#8 {main}
CRITICAL - 2022-02-14 11:38:07 --> Invalid file: produtos/indexPedido.php
#0 C:\xampp\htdocs\codeigniter4\system\View\View.php(198): CodeIgniter\Exceptions\FrameworkException::forInvalidFile('produtos/indexP...')
#1 C:\xampp\htdocs\codeigniter4\system\Common.php(1089): CodeIgniter\View\View->render('produtos/indexP...', Array, true)
#2 C:\xampp\htdocs\codeigniter4\app\Controllers\Pedidos.php(29): view('produtos/indexP...', Array)
#3 C:\xampp\htdocs\codeigniter4\system\CodeIgniter.php(825): App\Controllers\Pedidos->index()
#4 C:\xampp\htdocs\codeigniter4\system\CodeIgniter.php(412): CodeIgniter\CodeIgniter->runController(Object(App\Controllers\Pedidos))
#5 C:\xampp\htdocs\codeigniter4\system\CodeIgniter.php(320): CodeIgniter\CodeIgniter->handleRequest(NULL, Object(Config\Cache), false)
#6 C:\xampp\htdocs\codeigniter4\public\index.php(37): CodeIgniter\CodeIgniter->run()
#7 C:\xampp\htdocs\codeigniter4\system\Commands\Server\rewrite.php(43): require_once('C:\\xampp\\htdocs...')
#8 {main}
CRITICAL - 2022-02-14 11:49:53 --> syntax error, unexpected end of file
#0 C:\xampp\htdocs\codeigniter4\system\View\View.php(213): CodeIgniter\View\View->CodeIgniter\View\{closure}()
#1 C:\xampp\htdocs\codeigniter4\system\Common.php(1089): CodeIgniter\View\View->render('pedidos/cadastr...', Array, true)
#2 C:\xampp\htdocs\codeigniter4\app\Controllers\Pedidos.php(20): view('pedidos/cadastr...')
#3 C:\xampp\htdocs\codeigniter4\system\CodeIgniter.php(825): App\Controllers\Pedidos->cadastroPedido()
#4 C:\xampp\htdocs\codeigniter4\system\CodeIgniter.php(412): CodeIgniter\CodeIgniter->runController(Object(App\Controllers\Pedidos))
#5 C:\xampp\htdocs\codeigniter4\system\CodeIgniter.php(320): CodeIgniter\CodeIgniter->handleRequest(NULL, Object(Config\Cache), false)
#6 C:\xampp\htdocs\codeigniter4\public\index.php(37): CodeIgniter\CodeIgniter->run()
#7 C:\xampp\htdocs\codeigniter4\system\Commands\Server\rewrite.php(43): require_once('C:\\xampp\\htdocs...')
#8 {main}
CRITICAL - 2022-02-14 11:50:34 --> syntax error, unexpected end of file
#0 C:\xampp\htdocs\codeigniter4\system\View\View.php(213): CodeIgniter\View\View->CodeIgniter\View\{closure}()
#1 C:\xampp\htdocs\codeigniter4\system\Common.php(1089): CodeIgniter\View\View->render('pedidos/cadastr...', Array, true)
#2 C:\xampp\htdocs\codeigniter4\app\Controllers\Pedidos.php(20): view('pedidos/cadastr...')
#3 C:\xampp\htdocs\codeigniter4\system\CodeIgniter.php(825): App\Controllers\Pedidos->cadastroPedido()
#4 C:\xampp\htdocs\codeigniter4\system\CodeIgniter.php(412): CodeIgniter\CodeIgniter->runController(Object(App\Controllers\Pedidos))
#5 C:\xampp\htdocs\codeigniter4\system\CodeIgniter.php(320): CodeIgniter\CodeIgniter->handleRequest(NULL, Object(Config\Cache), false)
#6 C:\xampp\htdocs\codeigniter4\public\index.php(37): CodeIgniter\CodeIgniter->run()
#7 C:\xampp\htdocs\codeigniter4\system\Commands\Server\rewrite.php(43): require_once('C:\\xampp\\htdocs...')
#8 {main}
CRITICAL - 2022-02-14 11:52:04 --> syntax error, unexpected end of file
#0 C:\xampp\htdocs\codeigniter4\system\View\View.php(213): CodeIgniter\View\View->CodeIgniter\View\{closure}()
#1 C:\xampp\htdocs\codeigniter4\system\Common.php(1089): CodeIgniter\View\View->render('pedidos/cadastr...', Array, true)
#2 C:\xampp\htdocs\codeigniter4\app\Controllers\Pedidos.php(20): view('pedidos/cadastr...')
#3 C:\xampp\htdocs\codeigniter4\system\CodeIgniter.php(825): App\Controllers\Pedidos->cadastroPedido()
#4 C:\xampp\htdocs\codeigniter4\system\CodeIgniter.php(412): CodeIgniter\CodeIgniter->runController(Object(App\Controllers\Pedidos))
#5 C:\xampp\htdocs\codeigniter4\system\CodeIgniter.php(320): CodeIgniter\CodeIgniter->handleRequest(NULL, Object(Config\Cache), false)
#6 C:\xampp\htdocs\codeigniter4\public\index.php(37): CodeIgniter\CodeIgniter->run()
#7 C:\xampp\htdocs\codeigniter4\system\Commands\Server\rewrite.php(43): require_once('C:\\xampp\\htdocs...')
#8 {main}
CRITICAL - 2022-02-14 11:52:20 --> syntax error, unexpected end of file
#0 C:\xampp\htdocs\codeigniter4\system\View\View.php(213): CodeIgniter\View\View->CodeIgniter\View\{closure}()
#1 C:\xampp\htdocs\codeigniter4\system\Common.php(1089): CodeIgniter\View\View->render('pedidos/cadastr...', Array, true)
#2 C:\xampp\htdocs\codeigniter4\app\Controllers\Pedidos.php(20): view('pedidos/cadastr...')
#3 C:\xampp\htdocs\codeigniter4\system\CodeIgniter.php(825): App\Controllers\Pedidos->cadastroPedido()
#4 C:\xampp\htdocs\codeigniter4\system\CodeIgniter.php(412): CodeIgniter\CodeIgniter->runController(Object(App\Controllers\Pedidos))
#5 C:\xampp\htdocs\codeigniter4\system\CodeIgniter.php(320): CodeIgniter\CodeIgniter->handleRequest(NULL, Object(Config\Cache), false)
#6 C:\xampp\htdocs\codeigniter4\public\index.php(37): CodeIgniter\CodeIgniter->run()
#7 C:\xampp\htdocs\codeigniter4\system\Commands\Server\rewrite.php(43): require_once('C:\\xampp\\htdocs...')
#8 {main}
CRITICAL - 2022-02-14 11:55:56 --> Invalid file: produtos/indexPedido.php
#0 C:\xampp\htdocs\codeigniter4\system\View\View.php(198): CodeIgniter\Exceptions\FrameworkException::forInvalidFile('produtos/indexP...')
#1 C:\xampp\htdocs\codeigniter4\system\Common.php(1089): CodeIgniter\View\View->render('produtos/indexP...', Array, true)
#2 C:\xampp\htdocs\codeigniter4\app\Controllers\Pedidos.php(43): view('produtos/indexP...', Array)
#3 C:\xampp\htdocs\codeigniter4\system\CodeIgniter.php(825): App\Controllers\Pedidos->index()
#4 C:\xampp\htdocs\codeigniter4\system\CodeIgniter.php(412): CodeIgniter\CodeIgniter->runController(Object(App\Controllers\Pedidos))
#5 C:\xampp\htdocs\codeigniter4\system\CodeIgniter.php(320): CodeIgniter\CodeIgniter->handleRequest(NULL, Object(Config\Cache), false)
#6 C:\xampp\htdocs\codeigniter4\public\index.php(37): CodeIgniter\CodeIgniter->run()
#7 C:\xampp\htdocs\codeigniter4\system\Commands\Server\rewrite.php(43): require_once('C:\\xampp\\htdocs...')
#8 {main}
CRITICAL - 2022-02-14 11:56:14 --> syntax error, unexpected end of file
#0 C:\xampp\htdocs\codeigniter4\system\View\View.php(213): CodeIgniter\View\View->CodeIgniter\View\{closure}()
#1 C:\xampp\htdocs\codeigniter4\system\Common.php(1089): CodeIgniter\View\View->render('pedidos/cadastr...', Array, true)
#2 C:\xampp\htdocs\codeigniter4\app\Controllers\Pedidos.php(20): view('pedidos/cadastr...')
#3 C:\xampp\htdocs\codeigniter4\system\CodeIgniter.php(825): App\Controllers\Pedidos->cadastroPedido()
#4 C:\xampp\htdocs\codeigniter4\system\CodeIgniter.php(412): CodeIgniter\CodeIgniter->runController(Object(App\Controllers\Pedidos))
#5 C:\xampp\htdocs\codeigniter4\system\CodeIgniter.php(320): CodeIgniter\CodeIgniter->handleRequest(NULL, Object(Config\Cache), false)
#6 C:\xampp\htdocs\codeigniter4\public\index.php(37): CodeIgniter\CodeIgniter->run()
#7 C:\xampp\htdocs\codeigniter4\system\Commands\Server\rewrite.php(43): require_once('C:\\xampp\\htdocs...')
#8 {main}
CRITICAL - 2022-02-14 11:59:08 --> syntax error, unexpected end of file
#0 C:\xampp\htdocs\codeigniter4\system\View\View.php(213): CodeIgniter\View\View->CodeIgniter\View\{closure}()
#1 C:\xampp\htdocs\codeigniter4\system\Common.php(1089): CodeIgniter\View\View->render('pedidos/cadastr...', Array, true)
#2 C:\xampp\htdocs\codeigniter4\app\Controllers\Pedidos.php(20): view('pedidos/cadastr...')
#3 C:\xampp\htdocs\codeigniter4\system\CodeIgniter.php(825): App\Controllers\Pedidos->cadastroPedido()
#4 C:\xampp\htdocs\codeigniter4\system\CodeIgniter.php(412): CodeIgniter\CodeIgniter->runController(Object(App\Controllers\Pedidos))
#5 C:\xampp\htdocs\codeigniter4\system\CodeIgniter.php(320): CodeIgniter\CodeIgniter->handleRequest(NULL, Object(Config\Cache), false)
#6 C:\xampp\htdocs\codeigniter4\public\index.php(37): CodeIgniter\CodeIgniter->run()
#7 C:\xampp\htdocs\codeigniter4\system\Commands\Server\rewrite.php(43): require_once('C:\\xampp\\htdocs...')
#8 {main}
CRITICAL - 2022-02-14 12:01:53 --> Undefined variable: produto
#0 C:\xampp\htdocs\codeigniter4\app\Views\pedidos\cadastroPedido.php(25): CodeIgniter\Debug\Exceptions->errorHandler(8, 'Undefined varia...', 'C:\\xampp\\htdocs...', 25, Array)
#1 C:\xampp\htdocs\codeigniter4\system\View\View.php(210): include('C:\\xampp\\htdocs...')
#2 C:\xampp\htdocs\codeigniter4\system\View\View.php(213): CodeIgniter\View\View->CodeIgniter\View\{closure}()
#3 C:\xampp\htdocs\codeigniter4\system\Common.php(1089): CodeIgniter\View\View->render('pedidos/cadastr...', Array, true)
#4 C:\xampp\htdocs\codeigniter4\app\Controllers\Pedidos.php(20): view('pedidos/cadastr...')
#5 C:\xampp\htdocs\codeigniter4\system\CodeIgniter.php(825): App\Controllers\Pedidos->cadastroPedido()
#6 C:\xampp\htdocs\codeigniter4\system\CodeIgniter.php(412): CodeIgniter\CodeIgniter->runController(Object(App\Controllers\Pedidos))
#7 C:\xampp\htdocs\codeigniter4\system\CodeIgniter.php(320): CodeIgniter\CodeIgniter->handleRequest(NULL, Object(Config\Cache), false)
#8 C:\xampp\htdocs\codeigniter4\public\index.php(37): CodeIgniter\CodeIgniter->run()
#9 C:\xampp\htdocs\codeigniter4\system\Commands\Server\rewrite.php(43): require_once('C:\\xampp\\htdocs...')
#10 {main}
CRITICAL - 2022-02-14 12:06:34 --> syntax error, unexpected end of file
#0 C:\xampp\htdocs\codeigniter4\system\View\View.php(213): CodeIgniter\View\View->CodeIgniter\View\{closure}()
#1 C:\xampp\htdocs\codeigniter4\system\Common.php(1089): CodeIgniter\View\View->render('pedidos/cadastr...', Array, true)
#2 C:\xampp\htdocs\codeigniter4\app\Controllers\Pedidos.php(20): view('pedidos/cadastr...')
#3 C:\xampp\htdocs\codeigniter4\system\CodeIgniter.php(825): App\Controllers\Pedidos->cadastroPedido()
#4 C:\xampp\htdocs\codeigniter4\system\CodeIgniter.php(412): CodeIgniter\CodeIgniter->runController(Object(App\Controllers\Pedidos))
#5 C:\xampp\htdocs\codeigniter4\system\CodeIgniter.php(320): CodeIgniter\CodeIgniter->handleRequest(NULL, Object(Config\Cache), false)
#6 C:\xampp\htdocs\codeigniter4\public\index.php(37): CodeIgniter\CodeIgniter->run()
#7 C:\xampp\htdocs\codeigniter4\system\Commands\Server\rewrite.php(43): require_once('C:\\xampp\\htdocs...')
#8 {main}
CRITICAL - 2022-02-14 12:15:12 --> Undefined variable: produtos
#0 C:\xampp\htdocs\codeigniter4\app\Views\pedidos\cadastroPedido.php(25): CodeIgniter\Debug\Exceptions->errorHandler(8, 'Undefined varia...', 'C:\\xampp\\htdocs...', 25, Array)
#1 C:\xampp\htdocs\codeigniter4\system\View\View.php(210): include('C:\\xampp\\htdocs...')
#2 C:\xampp\htdocs\codeigniter4\system\View\View.php(213): CodeIgniter\View\View->CodeIgniter\View\{closure}()
#3 C:\xampp\htdocs\codeigniter4\system\Common.php(1089): CodeIgniter\View\View->render('pedidos/cadastr...', Array, true)
#4 C:\xampp\htdocs\codeigniter4\app\Controllers\Pedidos.php(20): view('pedidos/cadastr...')
#5 C:\xampp\htdocs\codeigniter4\system\CodeIgniter.php(825): App\Controllers\Pedidos->cadastroPedido()
#6 C:\xampp\htdocs\codeigniter4\system\CodeIgniter.php(412): CodeIgniter\CodeIgniter->runController(Object(App\Controllers\Pedidos))
#7 C:\xampp\htdocs\codeigniter4\system\CodeIgniter.php(320): CodeIgniter\CodeIgniter->handleRequest(NULL, Object(Config\Cache), false)
#8 C:\xampp\htdocs\codeigniter4\public\index.php(37): CodeIgniter\CodeIgniter->run()
#9 C:\xampp\htdocs\codeigniter4\system\Commands\Server\rewrite.php(43): require_once('C:\\xampp\\htdocs...')
#10 {main}
CRITICAL - 2022-02-14 12:15:58 --> Undefined variable: produtos
#0 C:\xampp\htdocs\codeigniter4\app\Views\pedidos\cadastroPedido.php(25): CodeIgniter\Debug\Exceptions->errorHandler(8, 'Undefined varia...', 'C:\\xampp\\htdocs...', 25, Array)
#1 C:\xampp\htdocs\codeigniter4\system\View\View.php(210): include('C:\\xampp\\htdocs...')
#2 C:\xampp\htdocs\codeigniter4\system\View\View.php(213): CodeIgniter\View\View->CodeIgniter\View\{closure}()
#3 C:\xampp\htdocs\codeigniter4\system\Common.php(1089): CodeIgniter\View\View->render('pedidos/cadastr...', Array, true)
#4 C:\xampp\htdocs\codeigniter4\app\Controllers\Pedidos.php(20): view('pedidos/cadastr...')
#5 C:\xampp\htdocs\codeigniter4\system\CodeIgniter.php(825): App\Controllers\Pedidos->cadastroPedido()
#6 C:\xampp\htdocs\codeigniter4\system\CodeIgniter.php(412): CodeIgniter\CodeIgniter->runController(Object(App\Controllers\Pedidos))
#7 C:\xampp\htdocs\codeigniter4\system\CodeIgniter.php(320): CodeIgniter\CodeIgniter->handleRequest(NULL, Object(Config\Cache), false)
#8 C:\xampp\htdocs\codeigniter4\public\index.php(37): CodeIgniter\CodeIgniter->run()
#9 C:\xampp\htdocs\codeigniter4\system\Commands\Server\rewrite.php(43): require_once('C:\\xampp\\htdocs...')
#10 {main}
CRITICAL - 2022-02-14 12:18:02 --> Undefined variable: produtos
#0 C:\xampp\htdocs\codeigniter4\app\Views\pedidos\cadastroPedido.php(25): CodeIgniter\Debug\Exceptions->errorHandler(8, 'Undefined varia...', 'C:\\xampp\\htdocs...', 25, Array)
#1 C:\xampp\htdocs\codeigniter4\system\View\View.php(210): include('C:\\xampp\\htdocs...')
#2 C:\xampp\htdocs\codeigniter4\system\View\View.php(213): CodeIgniter\View\View->CodeIgniter\View\{closure}()
#3 C:\xampp\htdocs\codeigniter4\system\Common.php(1089): CodeIgniter\View\View->render('pedidos/cadastr...', Array, true)
#4 C:\xampp\htdocs\codeigniter4\app\Controllers\Pedidos.php(20): view('pedidos/cadastr...')
#5 C:\xampp\htdocs\codeigniter4\system\CodeIgniter.php(825): App\Controllers\Pedidos->cadastroPedido()
#6 C:\xampp\htdocs\codeigniter4\system\CodeIgniter.php(412): CodeIgniter\CodeIgniter->runController(Object(App\Controllers\Pedidos))
#7 C:\xampp\htdocs\codeigniter4\system\CodeIgniter.php(320): CodeIgniter\CodeIgniter->handleRequest(NULL, Object(Config\Cache), false)
#8 C:\xampp\htdocs\codeigniter4\public\index.php(37): CodeIgniter\CodeIgniter->run()
#9 C:\xampp\htdocs\codeigniter4\system\Commands\Server\rewrite.php(43): require_once('C:\\xampp\\htdocs...')
#10 {main}
CRITICAL - 2022-02-14 12:18:41 --> Undefined variable: produtos
#0 C:\xampp\htdocs\codeigniter4\app\Views\pedidos\cadastroPedido.php(25): CodeIgniter\Debug\Exceptions->errorHandler(8, 'Undefined varia...', 'C:\\xampp\\htdocs...', 25, Array)
#1 C:\xampp\htdocs\codeigniter4\system\View\View.php(210): include('C:\\xampp\\htdocs...')
#2 C:\xampp\htdocs\codeigniter4\system\View\View.php(213): CodeIgniter\View\View->CodeIgniter\View\{closure}()
#3 C:\xampp\htdocs\codeigniter4\system\Common.php(1089): CodeIgniter\View\View->render('pedidos/cadastr...', Array, true)
#4 C:\xampp\htdocs\codeigniter4\app\Controllers\Pedidos.php(20): view('pedidos/cadastr...')
#5 C:\xampp\htdocs\codeigniter4\system\CodeIgniter.php(825): App\Controllers\Pedidos->cadastroPedido()
#6 C:\xampp\htdocs\codeigniter4\system\CodeIgniter.php(412): CodeIgniter\CodeIgniter->runController(Object(App\Controllers\Pedidos))
#7 C:\xampp\htdocs\codeigniter4\system\CodeIgniter.php(320): CodeIgniter\CodeIgniter->handleRequest(NULL, Object(Config\Cache), false)
#8 C:\xampp\htdocs\codeigniter4\public\index.php(37): CodeIgniter\CodeIgniter->run()
#9 C:\xampp\htdocs\codeigniter4\system\Commands\Server\rewrite.php(43): require_once('C:\\xampp\\htdocs...')
#10 {main}
CRITICAL - 2022-02-14 12:19:20 --> Undefined variable: produtos
#0 C:\xampp\htdocs\codeigniter4\app\Views\pedidos\cadastroPedido.php(25): CodeIgniter\Debug\Exceptions->errorHandler(8, 'Undefined varia...', 'C:\\xampp\\htdocs...', 25, Array)
#1 C:\xampp\htdocs\codeigniter4\system\View\View.php(210): include('C:\\xampp\\htdocs...')
#2 C:\xampp\htdocs\codeigniter4\system\View\View.php(213): CodeIgniter\View\View->CodeIgniter\View\{closure}()
#3 C:\xampp\htdocs\codeigniter4\system\Common.php(1089): CodeIgniter\View\View->render('pedidos/cadastr...', Array, true)
#4 C:\xampp\htdocs\codeigniter4\app\Controllers\Pedidos.php(20): view('pedidos/cadastr...')
#5 C:\xampp\htdocs\codeigniter4\system\CodeIgniter.php(825): App\Controllers\Pedidos->cadastroPedido()
#6 C:\xampp\htdocs\codeigniter4\system\CodeIgniter.php(412): CodeIgniter\CodeIgniter->runController(Object(App\Controllers\Pedidos))
#7 C:\xampp\htdocs\codeigniter4\system\CodeIgniter.php(320): CodeIgniter\CodeIgniter->handleRequest(NULL, Object(Config\Cache), false)
#8 C:\xampp\htdocs\codeigniter4\public\index.php(37): CodeIgniter\CodeIgniter->run()
#9 C:\xampp\htdocs\codeigniter4\system\Commands\Server\rewrite.php(43): require_once('C:\\xampp\\htdocs...')
#10 {main}
CRITICAL - 2022-02-14 12:22:35 --> Undefined variable: produtos
#0 C:\xampp\htdocs\codeigniter4\app\Views\pedidos\cadastroPedido.php(25): CodeIgniter\Debug\Exceptions->errorHandler(8, 'Undefined varia...', 'C:\\xampp\\htdocs...', 25, Array)
#1 C:\xampp\htdocs\codeigniter4\system\View\View.php(210): include('C:\\xampp\\htdocs...')
#2 C:\xampp\htdocs\codeigniter4\system\View\View.php(213): CodeIgniter\View\View->CodeIgniter\View\{closure}()
#3 C:\xampp\htdocs\codeigniter4\system\Common.php(1089): CodeIgniter\View\View->render('pedidos/cadastr...', Array, true)
#4 C:\xampp\htdocs\codeigniter4\app\Controllers\Pedidos.php(20): view('pedidos/cadastr...')
#5 C:\xampp\htdocs\codeigniter4\system\CodeIgniter.php(825): App\Controllers\Pedidos->cadastroPedido()
#6 C:\xampp\htdocs\codeigniter4\system\CodeIgniter.php(412): CodeIgniter\CodeIgniter->runController(Object(App\Controllers\Pedidos))
#7 C:\xampp\htdocs\codeigniter4\system\CodeIgniter.php(320): CodeIgniter\CodeIgniter->handleRequest(NULL, Object(Config\Cache), false)
#8 C:\xampp\htdocs\codeigniter4\public\index.php(37): CodeIgniter\CodeIgniter->run()
#9 C:\xampp\htdocs\codeigniter4\system\Commands\Server\rewrite.php(43): require_once('C:\\xampp\\htdocs...')
#10 {main}
CRITICAL - 2022-02-14 12:33:35 --> Invalid file: produtos/indexPedido.php
#0 C:\xampp\htdocs\codeigniter4\system\View\View.php(198): CodeIgniter\Exceptions\FrameworkException::forInvalidFile('produtos/indexP...')
#1 C:\xampp\htdocs\codeigniter4\system\Common.php(1089): CodeIgniter\View\View->render('produtos/indexP...', Array, true)
#2 C:\xampp\htdocs\codeigniter4\app\Controllers\Pedidos.php(48): view('produtos/indexP...', Array)
#3 C:\xampp\htdocs\codeigniter4\system\CodeIgniter.php(825): App\Controllers\Pedidos->index()
#4 C:\xampp\htdocs\codeigniter4\system\CodeIgniter.php(412): CodeIgniter\CodeIgniter->runController(Object(App\Controllers\Pedidos))
#5 C:\xampp\htdocs\codeigniter4\system\CodeIgniter.php(320): CodeIgniter\CodeIgniter->handleRequest(NULL, Object(Config\Cache), false)
#6 C:\xampp\htdocs\codeigniter4\public\index.php(37): CodeIgniter\CodeIgniter->run()
#7 C:\xampp\htdocs\codeigniter4\system\Commands\Server\rewrite.php(43): require_once('C:\\xampp\\htdocs...')
#8 {main}
CRITICAL - 2022-02-14 12:37:07 --> Undefined property: App\Controllers\Pedidos::$ProdutoModel
#0 C:\xampp\htdocs\codeigniter4\app\Controllers\Pedidos.php(38): CodeIgniter\Debug\Exceptions->errorHandler(8, 'Undefined prope...', 'C:\\xampp\\htdocs...', 38, Array)
#1 C:\xampp\htdocs\codeigniter4\system\CodeIgniter.php(825): App\Controllers\Pedidos->store()
#2 C:\xampp\htdocs\codeigniter4\system\CodeIgniter.php(412): CodeIgniter\CodeIgniter->runController(Object(App\Controllers\Pedidos))
#3 C:\xampp\htdocs\codeigniter4\system\CodeIgniter.php(320): CodeIgniter\CodeIgniter->handleRequest(NULL, Object(Config\Cache), false)
#4 C:\xampp\htdocs\codeigniter4\public\index.php(37): CodeIgniter\CodeIgniter->run()
#5 C:\xampp\htdocs\codeigniter4\system\Commands\Server\rewrite.php(43): require_once('C:\\xampp\\htdocs...')
#6 {main}
ERROR - 2022-02-14 12:38:09 --> Unknown column 'nome' in 'field list'
CRITICAL - 2022-02-14 12:38:09 --> Unknown column 'nome' in 'field list'
#0 C:\xampp\htdocs\codeigniter4\system\Database\MySQLi\Connection.php(292): mysqli->query('INSERT INTO `pe...', 0)
#1 C:\xampp\htdocs\codeigniter4\system\Database\BaseConnection.php(670): CodeIgniter\Database\MySQLi\Connection->execute('INSERT INTO `pe...')
#2 C:\xampp\htdocs\codeigniter4\system\Database\BaseConnection.php(598): CodeIgniter\Database\BaseConnection->simpleQuery('INSERT INTO `pe...')
#3 C:\xampp\htdocs\codeigniter4\system\Database\BaseBuilder.php(1771): CodeIgniter\Database\BaseConnection->query('INSERT INTO `pe...', Array, false)
#4 C:\xampp\htdocs\codeigniter4\system\Model.php(239): CodeIgniter\Database\BaseBuilder->insert()
#5 C:\xampp\htdocs\codeigniter4\system\BaseModel.php(738): CodeIgniter\Model->doInsert(Array)
#6 C:\xampp\htdocs\codeigniter4\system\Model.php(625): CodeIgniter\BaseModel->insert(Array, true)
#7 C:\xampp\htdocs\codeigniter4\app\Controllers\Pedidos.php(38): CodeIgniter\Model->insert(Array)
#8 C:\xampp\htdocs\codeigniter4\system\CodeIgniter.php(825): App\Controllers\Pedidos->store()
#9 C:\xampp\htdocs\codeigniter4\system\CodeIgniter.php(412): CodeIgniter\CodeIgniter->runController(Object(App\Controllers\Pedidos))
#10 C:\xampp\htdocs\codeigniter4\system\CodeIgniter.php(320): CodeIgniter\CodeIgniter->handleRequest(NULL, Object(Config\Cache), false)
#11 C:\xampp\htdocs\codeigniter4\public\index.php(37): CodeIgniter\CodeIgniter->run()
#12 C:\xampp\htdocs\codeigniter4\system\Commands\Server\rewrite.php(43): require_once('C:\\xampp\\htdocs...')
#13 {main}
CRITICAL - 2022-02-14 12:42:48 --> Invalid file: produtos/indexPedido.php
#0 C:\xampp\htdocs\codeigniter4\system\View\View.php(198): CodeIgniter\Exceptions\FrameworkException::forInvalidFile('produtos/indexP...')
#1 C:\xampp\htdocs\codeigniter4\system\Common.php(1089): CodeIgniter\View\View->render('produtos/indexP...', Array, true)
#2 C:\xampp\htdocs\codeigniter4\app\Controllers\Pedidos.php(48): view('produtos/indexP...', Array)
#3 C:\xampp\htdocs\codeigniter4\system\CodeIgniter.php(825): App\Controllers\Pedidos->index()
#4 C:\xampp\htdocs\codeigniter4\system\CodeIgniter.php(412): CodeIgniter\CodeIgniter->runController(Object(App\Controllers\Pedidos))
#5 C:\xampp\htdocs\codeigniter4\system\CodeIgniter.php(320): CodeIgniter\CodeIgniter->handleRequest(NULL, Object(Config\Cache), false)
#6 C:\xampp\htdocs\codeigniter4\public\index.php(37): CodeIgniter\CodeIgniter->run()
#7 C:\xampp\htdocs\codeigniter4\system\Commands\Server\rewrite.php(43): require_once('C:\\xampp\\htdocs...')
#8 {main}
CRITICAL - 2022-02-14 12:44:47 --> Invalid file: produtos/indexPedido.php
#0 C:\xampp\htdocs\codeigniter4\system\View\View.php(198): CodeIgniter\Exceptions\FrameworkException::forInvalidFile('produtos/indexP...')
#1 C:\xampp\htdocs\codeigniter4\system\Common.php(1089): CodeIgniter\View\View->render('produtos/indexP...', Array, true)
#2 C:\xampp\htdocs\codeigniter4\app\Controllers\Pedidos.php(48): view('produtos/indexP...', Array)
#3 C:\xampp\htdocs\codeigniter4\system\CodeIgniter.php(825): App\Controllers\Pedidos->index()
#4 C:\xampp\htdocs\codeigniter4\system\CodeIgniter.php(412): CodeIgniter\CodeIgniter->runController(Object(App\Controllers\Pedidos))
#5 C:\xampp\htdocs\codeigniter4\system\CodeIgniter.php(320): CodeIgniter\CodeIgniter->handleRequest(NULL, Object(Config\Cache), false)
#6 C:\xampp\htdocs\codeigniter4\public\index.php(37): CodeIgniter\CodeIgniter->run()
#7 C:\xampp\htdocs\codeigniter4\system\Commands\Server\rewrite.php(43): require_once('C:\\xampp\\htdocs...')
#8 {main}
CRITICAL - 2022-02-14 12:45:01 --> Invalid file: produtos/indexPedido.php
#0 C:\xampp\htdocs\codeigniter4\system\View\View.php(198): CodeIgniter\Exceptions\FrameworkException::forInvalidFile('produtos/indexP...')
#1 C:\xampp\htdocs\codeigniter4\system\Common.php(1089): CodeIgniter\View\View->render('produtos/indexP...', Array, true)
#2 C:\xampp\htdocs\codeigniter4\app\Controllers\Pedidos.php(48): view('produtos/indexP...', Array)
#3 C:\xampp\htdocs\codeigniter4\system\CodeIgniter.php(825): App\Controllers\Pedidos->index()
#4 C:\xampp\htdocs\codeigniter4\system\CodeIgniter.php(412): CodeIgniter\CodeIgniter->runController(Object(App\Controllers\Pedidos))
#5 C:\xampp\htdocs\codeigniter4\system\CodeIgniter.php(320): CodeIgniter\CodeIgniter->handleRequest(NULL, Object(Config\Cache), false)
#6 C:\xampp\htdocs\codeigniter4\public\index.php(37): CodeIgniter\CodeIgniter->run()
#7 C:\xampp\htdocs\codeigniter4\system\Commands\Server\rewrite.php(43): require_once('C:\\xampp\\htdocs...')
#8 {main}
CRITICAL - 2022-02-14 12:46:21 --> Invalid file: produtos/indexPedido.php
#0 C:\xampp\htdocs\codeigniter4\system\View\View.php(198): CodeIgniter\Exceptions\FrameworkException::forInvalidFile('produtos/indexP...')
#1 C:\xampp\htdocs\codeigniter4\system\Common.php(1089): CodeIgniter\View\View->render('produtos/indexP...', Array, true)
#2 C:\xampp\htdocs\codeigniter4\app\Controllers\Pedidos.php(48): view('produtos/indexP...', Array)
#3 C:\xampp\htdocs\codeigniter4\system\CodeIgniter.php(825): App\Controllers\Pedidos->index()
#4 C:\xampp\htdocs\codeigniter4\system\CodeIgniter.php(412): CodeIgniter\CodeIgniter->runController(Object(App\Controllers\Pedidos))
#5 C:\xampp\htdocs\codeigniter4\system\CodeIgniter.php(320): CodeIgniter\CodeIgniter->handleRequest(NULL, Object(Config\Cache), false)
#6 C:\xampp\htdocs\codeigniter4\public\index.php(37): CodeIgniter\CodeIgniter->run()
#7 C:\xampp\htdocs\codeigniter4\system\Commands\Server\rewrite.php(43): require_once('C:\\xampp\\htdocs...')
#8 {main}
CRITICAL - 2022-02-14 12:46:48 --> Invalid file: produtos/indexPedido.php
#0 C:\xampp\htdocs\codeigniter4\system\View\View.php(198): CodeIgniter\Exceptions\FrameworkException::forInvalidFile('produtos/indexP...')
#1 C:\xampp\htdocs\codeigniter4\system\Common.php(1089): CodeIgniter\View\View->render('produtos/indexP...', Array, true)
#2 C:\xampp\htdocs\codeigniter4\app\Controllers\Pedidos.php(48): view('produtos/indexP...', Array)
#3 C:\xampp\htdocs\codeigniter4\system\CodeIgniter.php(825): App\Controllers\Pedidos->index()
#4 C:\xampp\htdocs\codeigniter4\system\CodeIgniter.php(412): CodeIgniter\CodeIgniter->runController(Object(App\Controllers\Pedidos))
#5 C:\xampp\htdocs\codeigniter4\system\CodeIgniter.php(320): CodeIgniter\CodeIgniter->handleRequest(NULL, Object(Config\Cache), false)
#6 C:\xampp\htdocs\codeigniter4\public\index.php(37): CodeIgniter\CodeIgniter->run()
#7 C:\xampp\htdocs\codeigniter4\system\Commands\Server\rewrite.php(43): require_once('C:\\xampp\\htdocs...')
#8 {main}
CRITICAL - 2022-02-14 13:36:59 --> Invalid file: produtos/editarPedido.php
#0 C:\xampp\htdocs\codeigniter4\system\View\View.php(198): CodeIgniter\Exceptions\FrameworkException::forInvalidFile('produtos/editar...')
#1 C:\xampp\htdocs\codeigniter4\system\Common.php(1089): CodeIgniter\View\View->render('produtos/editar...', Array, true)
#2 C:\xampp\htdocs\codeigniter4\app\Controllers\Pedidos.php(57): view('produtos/editar...', Array)
#3 C:\xampp\htdocs\codeigniter4\system\CodeIgniter.php(825): App\Controllers\Pedidos->editarPedido('3')
#4 C:\xampp\htdocs\codeigniter4\system\CodeIgniter.php(412): CodeIgniter\CodeIgniter->runController(Object(App\Controllers\Pedidos))
#5 C:\xampp\htdocs\codeigniter4\system\CodeIgniter.php(320): CodeIgniter\CodeIgniter->handleRequest(NULL, Object(Config\Cache), false)
#6 C:\xampp\htdocs\codeigniter4\public\index.php(37): CodeIgniter\CodeIgniter->run()
#7 C:\xampp\htdocs\codeigniter4\system\Commands\Server\rewrite.php(43): require_once('C:\\xampp\\htdocs...')
#8 {main}
CRITICAL - 2022-02-14 13:37:21 --> Undefined variable: produtos
#0 C:\xampp\htdocs\codeigniter4\app\Views\pedidos\editarPedido.php(24): CodeIgniter\Debug\Exceptions->errorHandler(8, 'Undefined varia...', 'C:\\xampp\\htdocs...', 24, Array)
#1 C:\xampp\htdocs\codeigniter4\system\View\View.php(210): include('C:\\xampp\\htdocs...')
#2 C:\xampp\htdocs\codeigniter4\system\View\View.php(213): CodeIgniter\View\View->CodeIgniter\View\{closure}()
#3 C:\xampp\htdocs\codeigniter4\system\Common.php(1089): CodeIgniter\View\View->render('pedidos/editarP...', Array, true)
#4 C:\xampp\htdocs\codeigniter4\app\Controllers\Pedidos.php(57): view('pedidos/editarP...', Array)
#5 C:\xampp\htdocs\codeigniter4\system\CodeIgniter.php(825): App\Controllers\Pedidos->editarPedido('3')
#6 C:\xampp\htdocs\codeigniter4\system\CodeIgniter.php(412): CodeIgniter\CodeIgniter->runController(Object(App\Controllers\Pedidos))
#7 C:\xampp\htdocs\codeigniter4\system\CodeIgniter.php(320): CodeIgniter\CodeIgniter->handleRequest(NULL, Object(Config\Cache), false)
#8 C:\xampp\htdocs\codeigniter4\public\index.php(37): CodeIgniter\CodeIgniter->run()
#9 C:\xampp\htdocs\codeigniter4\system\Commands\Server\rewrite.php(43): require_once('C:\\xampp\\htdocs...')
#10 {main}
CRITICAL - 2022-02-14 13:38:27 --> Undefined variable: produtos
#0 C:\xampp\htdocs\codeigniter4\app\Views\pedidos\editarPedido.php(24): CodeIgniter\Debug\Exceptions->errorHandler(8, 'Undefined varia...', 'C:\\xampp\\htdocs...', 24, Array)
#1 C:\xampp\htdocs\codeigniter4\system\View\View.php(210): include('C:\\xampp\\htdocs...')
#2 C:\xampp\htdocs\codeigniter4\system\View\View.php(213): CodeIgniter\View\View->CodeIgniter\View\{closure}()
#3 C:\xampp\htdocs\codeigniter4\system\Common.php(1089): CodeIgniter\View\View->render('pedidos/editarP...', Array, true)
#4 C:\xampp\htdocs\codeigniter4\app\Controllers\Pedidos.php(57): view('pedidos/editarP...', Array)
#5 C:\xampp\htdocs\codeigniter4\system\CodeIgniter.php(825): App\Controllers\Pedidos->editarPedido('3')
#6 C:\xampp\htdocs\codeigniter4\system\CodeIgniter.php(412): CodeIgniter\CodeIgniter->runController(Object(App\Controllers\Pedidos))
#7 C:\xampp\htdocs\codeigniter4\system\CodeIgniter.php(320): CodeIgniter\CodeIgniter->handleRequest(NULL, Object(Config\Cache), false)
#8 C:\xampp\htdocs\codeigniter4\public\index.php(37): CodeIgniter\CodeIgniter->run()
#9 C:\xampp\htdocs\codeigniter4\system\Commands\Server\rewrite.php(43): require_once('C:\\xampp\\htdocs...')
#10 {main}
CRITICAL - 2022-02-14 13:39:28 --> Undefined variable: produtos
#0 C:\xampp\htdocs\codeigniter4\app\Views\pedidos\editarPedido.php(24): CodeIgniter\Debug\Exceptions->errorHandler(8, 'Undefined varia...', 'C:\\xampp\\htdocs...', 24, Array)
#1 C:\xampp\htdocs\codeigniter4\system\View\View.php(210): include('C:\\xampp\\htdocs...')
#2 C:\xampp\htdocs\codeigniter4\system\View\View.php(213): CodeIgniter\View\View->CodeIgniter\View\{closure}()
#3 C:\xampp\htdocs\codeigniter4\system\Common.php(1089): CodeIgniter\View\View->render('pedidos/editarP...', Array, true)
#4 C:\xampp\htdocs\codeigniter4\app\Controllers\Pedidos.php(58): view('pedidos/editarP...', Array, Array)
#5 C:\xampp\htdocs\codeigniter4\system\CodeIgniter.php(825): App\Controllers\Pedidos->editarPedido('3')
#6 C:\xampp\htdocs\codeigniter4\system\CodeIgniter.php(412): CodeIgniter\CodeIgniter->runController(Object(App\Controllers\Pedidos))
#7 C:\xampp\htdocs\codeigniter4\system\CodeIgniter.php(320): CodeIgniter\CodeIgniter->handleRequest(NULL, Object(Config\Cache), false)
#8 C:\xampp\htdocs\codeigniter4\public\index.php(37): CodeIgniter\CodeIgniter->run()
#9 C:\xampp\htdocs\codeigniter4\system\Commands\Server\rewrite.php(43): require_once('C:\\xampp\\htdocs...')
#10 {main}
CRITICAL - 2022-02-14 13:41:41 --> Undefined variable: produtos
#0 C:\xampp\htdocs\codeigniter4\app\Views\pedidos\editarPedido.php(24): CodeIgniter\Debug\Exceptions->errorHandler(8, 'Undefined varia...', 'C:\\xampp\\htdocs...', 24, Array)
#1 C:\xampp\htdocs\codeigniter4\system\View\View.php(210): include('C:\\xampp\\htdocs...')
#2 C:\xampp\htdocs\codeigniter4\system\View\View.php(213): CodeIgniter\View\View->CodeIgniter\View\{closure}()
#3 C:\xampp\htdocs\codeigniter4\system\Common.php(1089): CodeIgniter\View\View->render('pedidos/editarP...', Array, true)
#4 C:\xampp\htdocs\codeigniter4\app\Controllers\Pedidos.php(59): view('pedidos/editarP...', Array, Array)
#5 C:\xampp\htdocs\codeigniter4\system\CodeIgniter.php(825): App\Controllers\Pedidos->editarPedido('3')
#6 C:\xampp\htdocs\codeigniter4\system\CodeIgniter.php(412): CodeIgniter\CodeIgniter->runController(Object(App\Controllers\Pedidos))
#7 C:\xampp\htdocs\codeigniter4\system\CodeIgniter.php(320): CodeIgniter\CodeIgniter->handleRequest(NULL, Object(Config\Cache), false)
#8 C:\xampp\htdocs\codeigniter4\public\index.php(37): CodeIgniter\CodeIgniter->run()
#9 C:\xampp\htdocs\codeigniter4\system\Commands\Server\rewrite.php(43): require_once('C:\\xampp\\htdocs...')
#10 {main}
CRITICAL - 2022-02-14 13:42:09 --> Undefined variable: listaProd
#0 C:\xampp\htdocs\codeigniter4\app\Views\pedidos\editarPedido.php(24): CodeIgniter\Debug\Exceptions->errorHandler(8, 'Undefined varia...', 'C:\\xampp\\htdocs...', 24, Array)
#1 C:\xampp\htdocs\codeigniter4\system\View\View.php(210): include('C:\\xampp\\htdocs...')
#2 C:\xampp\htdocs\codeigniter4\system\View\View.php(213): CodeIgniter\View\View->CodeIgniter\View\{closure}()
#3 C:\xampp\htdocs\codeigniter4\system\Common.php(1089): CodeIgniter\View\View->render('pedidos/editarP...', Array, true)
#4 C:\xampp\htdocs\codeigniter4\app\Controllers\Pedidos.php(59): view('pedidos/editarP...', Array, Array)
#5 C:\xampp\htdocs\codeigniter4\system\CodeIgniter.php(825): App\Controllers\Pedidos->editarPedido('3')
#6 C:\xampp\htdocs\codeigniter4\system\CodeIgniter.php(412): CodeIgniter\CodeIgniter->runController(Object(App\Controllers\Pedidos))
#7 C:\xampp\htdocs\codeigniter4\system\CodeIgniter.php(320): CodeIgniter\CodeIgniter->handleRequest(NULL, Object(Config\Cache), false)
#8 C:\xampp\htdocs\codeigniter4\public\index.php(37): CodeIgniter\CodeIgniter->run()
#9 C:\xampp\htdocs\codeigniter4\system\Commands\Server\rewrite.php(43): require_once('C:\\xampp\\htdocs...')
#10 {main}
CRITICAL - 2022-02-14 13:42:14 --> Undefined variable: listaProd
#0 C:\xampp\htdocs\codeigniter4\app\Views\pedidos\editarPedido.php(24): CodeIgniter\Debug\Exceptions->errorHandler(8, 'Undefined varia...', 'C:\\xampp\\htdocs...', 24, Array)
#1 C:\xampp\htdocs\codeigniter4\system\View\View.php(210): include('C:\\xampp\\htdocs...')
#2 C:\xampp\htdocs\codeigniter4\system\View\View.php(213): CodeIgniter\View\View->CodeIgniter\View\{closure}()
#3 C:\xampp\htdocs\codeigniter4\system\Common.php(1089): CodeIgniter\View\View->render('pedidos/editarP...', Array, true)
#4 C:\xampp\htdocs\codeigniter4\app\Controllers\Pedidos.php(59): view('pedidos/editarP...', Array, Array)
#5 C:\xampp\htdocs\codeigniter4\system\CodeIgniter.php(825): App\Controllers\Pedidos->editarPedido('3')
#6 C:\xampp\htdocs\codeigniter4\system\CodeIgniter.php(412): CodeIgniter\CodeIgniter->runController(Object(App\Controllers\Pedidos))
#7 C:\xampp\htdocs\codeigniter4\system\CodeIgniter.php(320): CodeIgniter\CodeIgniter->handleRequest(NULL, Object(Config\Cache), false)
#8 C:\xampp\htdocs\codeigniter4\public\index.php(37): CodeIgniter\CodeIgniter->run()
#9 C:\xampp\htdocs\codeigniter4\system\Commands\Server\rewrite.php(43): require_once('C:\\xampp\\htdocs...')
#10 {main}
CRITICAL - 2022-02-14 13:42:59 --> Undefined variable: produtos
#0 C:\xampp\htdocs\codeigniter4\app\Views\pedidos\editarPedido.php(24): CodeIgniter\Debug\Exceptions->errorHandler(8, 'Undefined varia...', 'C:\\xampp\\htdocs...', 24, Array)
#1 C:\xampp\htdocs\codeigniter4\system\View\View.php(210): include('C:\\xampp\\htdocs...')
#2 C:\xampp\htdocs\codeigniter4\system\View\View.php(213): CodeIgniter\View\View->CodeIgniter\View\{closure}()
#3 C:\xampp\htdocs\codeigniter4\system\Common.php(1089): CodeIgniter\View\View->render('pedidos/editarP...', Array, true)
#4 C:\xampp\htdocs\codeigniter4\app\Controllers\Pedidos.php(59): view('pedidos/editarP...', Array, Array)
#5 C:\xampp\htdocs\codeigniter4\system\CodeIgniter.php(825): App\Controllers\Pedidos->editarPedido('3')
#6 C:\xampp\htdocs\codeigniter4\system\CodeIgniter.php(412): CodeIgniter\CodeIgniter->runController(Object(App\Controllers\Pedidos))
#7 C:\xampp\htdocs\codeigniter4\system\CodeIgniter.php(320): CodeIgniter\CodeIgniter->handleRequest(NULL, Object(Config\Cache), false)
#8 C:\xampp\htdocs\codeigniter4\public\index.php(37): CodeIgniter\CodeIgniter->run()
#9 C:\xampp\htdocs\codeigniter4\system\Commands\Server\rewrite.php(43): require_once('C:\\xampp\\htdocs...')
#10 {main}
CRITICAL - 2022-02-14 13:45:46 --> Undefined variable: produtos
#0 C:\xampp\htdocs\codeigniter4\app\Views\pedidos\editarPedido.php(24): CodeIgniter\Debug\Exceptions->errorHandler(8, 'Undefined varia...', 'C:\\xampp\\htdocs...', 24, Array)
#1 C:\xampp\htdocs\codeigniter4\system\View\View.php(210): include('C:\\xampp\\htdocs...')
#2 C:\xampp\htdocs\codeigniter4\system\View\View.php(213): CodeIgniter\View\View->CodeIgniter\View\{closure}()
#3 C:\xampp\htdocs\codeigniter4\system\Common.php(1089): CodeIgniter\View\View->render('pedidos/editarP...', Array, true)
#4 C:\xampp\htdocs\codeigniter4\app\Controllers\Pedidos.php(58): view('pedidos/editarP...', Array)
#5 C:\xampp\htdocs\codeigniter4\system\CodeIgniter.php(825): App\Controllers\Pedidos->editarPedido('3')
#6 C:\xampp\htdocs\codeigniter4\system\CodeIgniter.php(412): CodeIgniter\CodeIgniter->runController(Object(App\Controllers\Pedidos))
#7 C:\xampp\htdocs\codeigniter4\system\CodeIgniter.php(320): CodeIgniter\CodeIgniter->handleRequest(NULL, Object(Config\Cache), false)
#8 C:\xampp\htdocs\codeigniter4\public\index.php(37): CodeIgniter\CodeIgniter->run()
#9 C:\xampp\htdocs\codeigniter4\system\Commands\Server\rewrite.php(43): require_once('C:\\xampp\\htdocs...')
#10 {main}
CRITICAL - 2022-02-14 13:46:48 --> Undefined variable: pedido
#0 C:\xampp\htdocs\codeigniter4\app\Views\pedidos\editarPedido.php(16): CodeIgniter\Debug\Exceptions->errorHandler(8, 'Undefined varia...', 'C:\\xampp\\htdocs...', 16, Array)
#1 C:\xampp\htdocs\codeigniter4\system\View\View.php(210): include('C:\\xampp\\htdocs...')
#2 C:\xampp\htdocs\codeigniter4\system\View\View.php(213): CodeIgniter\View\View->CodeIgniter\View\{closure}()
#3 C:\xampp\htdocs\codeigniter4\system\Common.php(1089): CodeIgniter\View\View->render('pedidos/editarP...', Array, true)
#4 C:\xampp\htdocs\codeigniter4\app\Controllers\Pedidos.php(59): view('pedidos/editarP...', Array)
#5 C:\xampp\htdocs\codeigniter4\system\CodeIgniter.php(825): App\Controllers\Pedidos->editarPedido('3')
#6 C:\xampp\htdocs\codeigniter4\system\CodeIgniter.php(412): CodeIgniter\CodeIgniter->runController(Object(App\Controllers\Pedidos))
#7 C:\xampp\htdocs\codeigniter4\system\CodeIgniter.php(320): CodeIgniter\CodeIgniter->handleRequest(NULL, Object(Config\Cache), false)
#8 C:\xampp\htdocs\codeigniter4\public\index.php(37): CodeIgniter\CodeIgniter->run()
#9 C:\xampp\htdocs\codeigniter4\system\Commands\Server\rewrite.php(43): require_once('C:\\xampp\\htdocs...')
#10 {main}
CRITICAL - 2022-02-14 13:47:40 --> Undefined variable: pedido
#0 C:\xampp\htdocs\codeigniter4\app\Views\pedidos\editarPedido.php(16): CodeIgniter\Debug\Exceptions->errorHandler(8, 'Undefined varia...', 'C:\\xampp\\htdocs...', 16, Array)
#1 C:\xampp\htdocs\codeigniter4\system\View\View.php(210): include('C:\\xampp\\htdocs...')
#2 C:\xampp\htdocs\codeigniter4\system\View\View.php(213): CodeIgniter\View\View->CodeIgniter\View\{closure}()
#3 C:\xampp\htdocs\codeigniter4\system\Common.php(1089): CodeIgniter\View\View->render('pedidos/editarP...', Array, true)
#4 C:\xampp\htdocs\codeigniter4\app\Controllers\Pedidos.php(59): view('pedidos/editarP...', Array)
#5 C:\xampp\htdocs\codeigniter4\system\CodeIgniter.php(825): App\Controllers\Pedidos->editarPedido('3')
#6 C:\xampp\htdocs\codeigniter4\system\CodeIgniter.php(412): CodeIgniter\CodeIgniter->runController(Object(App\Controllers\Pedidos))
#7 C:\xampp\htdocs\codeigniter4\system\CodeIgniter.php(320): CodeIgniter\CodeIgniter->handleRequest(NULL, Object(Config\Cache), false)
#8 C:\xampp\htdocs\codeigniter4\public\index.php(37): CodeIgniter\CodeIgniter->run()
#9 C:\xampp\htdocs\codeigniter4\system\Commands\Server\rewrite.php(43): require_once('C:\\xampp\\htdocs...')
#10 {main}
CRITICAL - 2022-02-14 13:48:30 --> Undefined variable: produtos
#0 C:\xampp\htdocs\codeigniter4\app\Views\pedidos\editarPedido.php(24): CodeIgniter\Debug\Exceptions->errorHandler(8, 'Undefined varia...', 'C:\\xampp\\htdocs...', 24, Array)
#1 C:\xampp\htdocs\codeigniter4\system\View\View.php(210): include('C:\\xampp\\htdocs...')
#2 C:\xampp\htdocs\codeigniter4\system\View\View.php(213): CodeIgniter\View\View->CodeIgniter\View\{closure}()
#3 C:\xampp\htdocs\codeigniter4\system\Common.php(1089): CodeIgniter\View\View->render('pedidos/editarP...', Array, true)
#4 C:\xampp\htdocs\codeigniter4\app\Controllers\Pedidos.php(59): view('pedidos/editarP...', Array)
#5 C:\xampp\htdocs\codeigniter4\system\CodeIgniter.php(825): App\Controllers\Pedidos->editarPedido('3')
#6 C:\xampp\htdocs\codeigniter4\system\CodeIgniter.php(412): CodeIgniter\CodeIgniter->runController(Object(App\Controllers\Pedidos))
#7 C:\xampp\htdocs\codeigniter4\system\CodeIgniter.php(320): CodeIgniter\CodeIgniter->handleRequest(NULL, Object(Config\Cache), false)
#8 C:\xampp\htdocs\codeigniter4\public\index.php(37): CodeIgniter\CodeIgniter->run()
#9 C:\xampp\htdocs\codeigniter4\system\Commands\Server\rewrite.php(43): require_once('C:\\xampp\\htdocs...')
#10 {main}
CRITICAL - 2022-02-14 13:48:37 --> Undefined variable: produtos
#0 C:\xampp\htdocs\codeigniter4\app\Views\pedidos\editarPedido.php(24): CodeIgniter\Debug\Exceptions->errorHandler(8, 'Undefined varia...', 'C:\\xampp\\htdocs...', 24, Array)
#1 C:\xampp\htdocs\codeigniter4\system\View\View.php(210): include('C:\\xampp\\htdocs...')
#2 C:\xampp\htdocs\codeigniter4\system\View\View.php(213): CodeIgniter\View\View->CodeIgniter\View\{closure}()
#3 C:\xampp\htdocs\codeigniter4\system\Common.php(1089): CodeIgniter\View\View->render('pedidos/editarP...', Array, true)
#4 C:\xampp\htdocs\codeigniter4\app\Controllers\Pedidos.php(59): view('pedidos/editarP...', Array)
#5 C:\xampp\htdocs\codeigniter4\system\CodeIgniter.php(825): App\Controllers\Pedidos->editarPedido('3')
#6 C:\xampp\htdocs\codeigniter4\system\CodeIgniter.php(412): CodeIgniter\CodeIgniter->runController(Object(App\Controllers\Pedidos))
#7 C:\xampp\htdocs\codeigniter4\system\CodeIgniter.php(320): CodeIgniter\CodeIgniter->handleRequest(NULL, Object(Config\Cache), false)
#8 C:\xampp\htdocs\codeigniter4\public\index.php(37): CodeIgniter\CodeIgniter->run()
#9 C:\xampp\htdocs\codeigniter4\system\Commands\Server\rewrite.php(43): require_once('C:\\xampp\\htdocs...')
#10 {main}
CRITICAL - 2022-02-14 14:33:15 --> Invalid file: produtos/verPedido.php
#0 C:\xampp\htdocs\codeigniter4\system\View\View.php(198): CodeIgniter\Exceptions\FrameworkException::forInvalidFile('produtos/verPed...')
#1 C:\xampp\htdocs\codeigniter4\system\Common.php(1089): CodeIgniter\View\View->render('produtos/verPed...', Array, true)
#2 C:\xampp\htdocs\codeigniter4\app\Controllers\Pedidos.php(75): view('produtos/verPed...', Array)
#3 C:\xampp\htdocs\codeigniter4\system\CodeIgniter.php(825): App\Controllers\Pedidos->verPedido('3')
#4 C:\xampp\htdocs\codeigniter4\system\CodeIgniter.php(412): CodeIgniter\CodeIgniter->runController(Object(App\Controllers\Pedidos))
#5 C:\xampp\htdocs\codeigniter4\system\CodeIgniter.php(320): CodeIgniter\CodeIgniter->handleRequest(NULL, Object(Config\Cache), false)
#6 C:\xampp\htdocs\codeigniter4\public\index.php(37): CodeIgniter\CodeIgniter->run()
#7 C:\xampp\htdocs\codeigniter4\system\Commands\Server\rewrite.php(43): require_once('C:\\xampp\\htdocs...')
#8 {main}
CRITICAL - 2022-02-14 15:07:57 --> Undefined variable: pager
#0 C:\xampp\htdocs\codeigniter4\app\Views\produtos\indexProduto.php(52): CodeIgniter\Debug\Exceptions->errorHandler(8, 'Undefined varia...', 'C:\\xampp\\htdocs...', 52, Array)
#1 C:\xampp\htdocs\codeigniter4\system\View\View.php(210): include('C:\\xampp\\htdocs...')
#2 C:\xampp\htdocs\codeigniter4\system\View\View.php(213): CodeIgniter\View\View->CodeIgniter\View\{closure}()
#3 C:\xampp\htdocs\codeigniter4\system\Common.php(1089): CodeIgniter\View\View->render('produtos/indexP...', Array, true)
#4 C:\xampp\htdocs\codeigniter4\app\Controllers\Produtos.php(24): view('produtos/indexP...', Array)
#5 C:\xampp\htdocs\codeigniter4\system\CodeIgniter.php(825): App\Controllers\Produtos->index()
#6 C:\xampp\htdocs\codeigniter4\system\CodeIgniter.php(412): CodeIgniter\CodeIgniter->runController(Object(App\Controllers\Produtos))
#7 C:\xampp\htdocs\codeigniter4\system\CodeIgniter.php(320): CodeIgniter\CodeIgniter->handleRequest(NULL, Object(Config\Cache), false)
#8 C:\xampp\htdocs\codeigniter4\public\index.php(37): CodeIgniter\CodeIgniter->run()
#9 C:\xampp\htdocs\codeigniter4\system\Commands\Server\rewrite.php(43): require_once('C:\\xampp\\htdocs...')
#10 {main}
CRITICAL - 2022-02-14 15:08:56 --> Undefined property: CodeIgniter\Pager\Pager::$links
#0 C:\xampp\htdocs\codeigniter4\app\Views\produtos\indexProduto.php(52): CodeIgniter\Debug\Exceptions->errorHandler(8, 'Undefined prope...', 'C:\\xampp\\htdocs...', 52, Array)
#1 C:\xampp\htdocs\codeigniter4\system\View\View.php(210): include('C:\\xampp\\htdocs...')
#2 C:\xampp\htdocs\codeigniter4\system\View\View.php(213): CodeIgniter\View\View->CodeIgniter\View\{closure}()
#3 C:\xampp\htdocs\codeigniter4\system\Common.php(1089): CodeIgniter\View\View->render('produtos/indexP...', Array, true)
#4 C:\xampp\htdocs\codeigniter4\app\Controllers\Produtos.php(25): view('produtos/indexP...', Array)
#5 C:\xampp\htdocs\codeigniter4\system\CodeIgniter.php(825): App\Controllers\Produtos->index()
#6 C:\xampp\htdocs\codeigniter4\system\CodeIgniter.php(412): CodeIgniter\CodeIgniter->runController(Object(App\Controllers\Produtos))
#7 C:\xampp\htdocs\codeigniter4\system\CodeIgniter.php(320): CodeIgniter\CodeIgniter->handleRequest(NULL, Object(Config\Cache), false)
#8 C:\xampp\htdocs\codeigniter4\public\index.php(37): CodeIgniter\CodeIgniter->run()
#9 C:\xampp\htdocs\codeigniter4\system\Commands\Server\rewrite.php(43): require_once('C:\\xampp\\htdocs...')
#10 {main}
CRITICAL - 2022-02-14 18:08:49 --> Too few arguments to function App\Controllers\Produtos::index(), 0 passed in C:\xampp\htdocs\codeigniter4\system\CodeIgniter.php on line 825 and exactly 2 expected
#0 C:\xampp\htdocs\codeigniter4\system\CodeIgniter.php(825): App\Controllers\Produtos->index()
#1 C:\xampp\htdocs\codeigniter4\system\CodeIgniter.php(412): CodeIgniter\CodeIgniter->runController(Object(App\Controllers\Produtos))
#2 C:\xampp\htdocs\codeigniter4\system\CodeIgniter.php(320): CodeIgniter\CodeIgniter->handleRequest(NULL, Object(Config\Cache), false)
#3 C:\xampp\htdocs\codeigniter4\public\index.php(37): CodeIgniter\CodeIgniter->run()
#4 C:\xampp\htdocs\codeigniter4\system\Commands\Server\rewrite.php(43): require_once('C:\\xampp\\htdocs...')
#5 {main}
CRITICAL - 2022-02-14 18:18:56 --> Undefined variable: produto
#0 C:\xampp\htdocs\codeigniter4\app\Views\produtos\indexProduto.php(26): CodeIgniter\Debug\Exceptions->errorHandler(8, 'Undefined varia...', 'C:\\xampp\\htdocs...', 26, Array)
#1 C:\xampp\htdocs\codeigniter4\system\View\View.php(210): include('C:\\xampp\\htdocs...')
#2 C:\xampp\htdocs\codeigniter4\system\View\View.php(213): CodeIgniter\View\View->CodeIgniter\View\{closure}()
#3 C:\xampp\htdocs\codeigniter4\system\Common.php(1089): CodeIgniter\View\View->render('produtos/indexP...', Array, true)
#4 C:\xampp\htdocs\codeigniter4\app\Controllers\Produtos.php(25): view('produtos/indexP...', Array)
#5 C:\xampp\htdocs\codeigniter4\system\CodeIgniter.php(825): App\Controllers\Produtos->index()
#6 C:\xampp\htdocs\codeigniter4\system\CodeIgniter.php(412): CodeIgniter\CodeIgniter->runController(Object(App\Controllers\Produtos))
#7 C:\xampp\htdocs\codeigniter4\system\CodeIgniter.php(320): CodeIgniter\CodeIgniter->handleRequest(NULL, Object(Config\Cache), false)
#8 C:\xampp\htdocs\codeigniter4\public\index.php(37): CodeIgniter\CodeIgniter->run()
#9 C:\xampp\htdocs\codeigniter4\system\Commands\Server\rewrite.php(43): require_once('C:\\xampp\\htdocs...')
#10 {main}
CRITICAL - 2022-02-14 18:19:39 --> Too few arguments to function App\Controllers\Produtos::buscaProduto(), 0 passed in C:\xampp\htdocs\codeigniter4\system\CodeIgniter.php on line 825 and exactly 2 expected
#0 C:\xampp\htdocs\codeigniter4\system\CodeIgniter.php(825): App\Controllers\Produtos->buscaProduto()
#1 C:\xampp\htdocs\codeigniter4\system\CodeIgniter.php(412): CodeIgniter\CodeIgniter->runController(Object(App\Controllers\Produtos))
#2 C:\xampp\htdocs\codeigniter4\system\CodeIgniter.php(320): CodeIgniter\CodeIgniter->handleRequest(NULL, Object(Config\Cache), false)
#3 C:\xampp\htdocs\codeigniter4\public\index.php(37): CodeIgniter\CodeIgniter->run()
#4 C:\xampp\htdocs\codeigniter4\system\Commands\Server\rewrite.php(43): require_once('C:\\xampp\\htdocs...')
#5 {main}
CRITICAL - 2022-02-14 18:24:08 --> Too few arguments to function App\Controllers\Produtos::buscaProduto(), 0 passed in C:\xampp\htdocs\codeigniter4\system\CodeIgniter.php on line 825 and exactly 2 expected
#0 C:\xampp\htdocs\codeigniter4\system\CodeIgniter.php(825): App\Controllers\Produtos->buscaProduto()
#1 C:\xampp\htdocs\codeigniter4\system\CodeIgniter.php(412): CodeIgniter\CodeIgniter->runController(Object(App\Controllers\Produtos))
#2 C:\xampp\htdocs\codeigniter4\system\CodeIgniter.php(320): CodeIgniter\CodeIgniter->handleRequest(NULL, Object(Config\Cache), false)
#3 C:\xampp\htdocs\codeigniter4\public\index.php(37): CodeIgniter\CodeIgniter->run()
#4 C:\xampp\htdocs\codeigniter4\system\Commands\Server\rewrite.php(43): require_once('C:\\xampp\\htdocs...')
#5 {main}
CRITICAL - 2022-02-14 18:34:32 --> Undefined variable: produto
#0 C:\xampp\htdocs\codeigniter4\app\Views\produtos\indexProduto.php(26): CodeIgniter\Debug\Exceptions->errorHandler(8, 'Undefined varia...', 'C:\\xampp\\htdocs...', 26, Array)
#1 C:\xampp\htdocs\codeigniter4\system\View\View.php(210): include('C:\\xampp\\htdocs...')
#2 C:\xampp\htdocs\codeigniter4\system\View\View.php(213): CodeIgniter\View\View->CodeIgniter\View\{closure}()
#3 C:\xampp\htdocs\codeigniter4\system\Common.php(1089): CodeIgniter\View\View->render('produtos/indexP...', Array, true)
#4 C:\xampp\htdocs\codeigniter4\app\Controllers\Produtos.php(25): view('produtos/indexP...', Array)
#5 C:\xampp\htdocs\codeigniter4\system\CodeIgniter.php(825): App\Controllers\Produtos->index()
#6 C:\xampp\htdocs\codeigniter4\system\CodeIgniter.php(412): CodeIgniter\CodeIgniter->runController(Object(App\Controllers\Produtos))
#7 C:\xampp\htdocs\codeigniter4\system\CodeIgniter.php(320): CodeIgniter\CodeIgniter->handleRequest(NULL, Object(Config\Cache), false)
#8 C:\xampp\htdocs\codeigniter4\public\index.php(37): CodeIgniter\CodeIgniter->run()
#9 C:\xampp\htdocs\codeigniter4\system\Commands\Server\rewrite.php(43): require_once('C:\\xampp\\htdocs...')
#10 {main}
CRITICAL - 2022-02-14 18:49:08 --> Too few arguments to function App\Controllers\Produtos::buscaProduto(), 0 passed in C:\xampp\htdocs\codeigniter4\system\CodeIgniter.php on line 825 and exactly 2 expected
#0 C:\xampp\htdocs\codeigniter4\system\CodeIgniter.php(825): App\Controllers\Produtos->buscaProduto()
#1 C:\xampp\htdocs\codeigniter4\system\CodeIgniter.php(412): CodeIgniter\CodeIgniter->runController(Object(App\Controllers\Produtos))
#2 C:\xampp\htdocs\codeigniter4\system\CodeIgniter.php(320): CodeIgniter\CodeIgniter->handleRequest(NULL, Object(Config\Cache), false)
#3 C:\xampp\htdocs\codeigniter4\public\index.php(37): CodeIgniter\CodeIgniter->run()
#4 C:\xampp\htdocs\codeigniter4\system\Commands\Server\rewrite.php(43): require_once('C:\\xampp\\htdocs...')
#5 {main}
CRITICAL - 2022-02-14 19:01:59 --> Trying to access array offset on value of type null
#0 C:\xampp\htdocs\codeigniter4\app\Views\produtos\indexProduto.php(50): CodeIgniter\Debug\Exceptions->errorHandler(8, 'Trying to acces...', 'C:\\xampp\\htdocs...', 50, Array)
#1 C:\xampp\htdocs\codeigniter4\system\View\View.php(210): include('C:\\xampp\\htdocs...')
#2 C:\xampp\htdocs\codeigniter4\system\View\View.php(213): CodeIgniter\View\View->CodeIgniter\View\{closure}()
#3 C:\xampp\htdocs\codeigniter4\system\Common.php(1089): CodeIgniter\View\View->render('produtos/indexP...', Array, true)
#4 C:\xampp\htdocs\codeigniter4\app\Controllers\Produtos.php(85): view('produtos/indexP...', Array)
#5 C:\xampp\htdocs\codeigniter4\system\CodeIgniter.php(825): App\Controllers\Produtos->buscaProduto()
#6 C:\xampp\htdocs\codeigniter4\system\CodeIgniter.php(412): CodeIgniter\CodeIgniter->runController(Object(App\Controllers\Produtos))
#7 C:\xampp\htdocs\codeigniter4\system\CodeIgniter.php(320): CodeIgniter\CodeIgniter->handleRequest(NULL, Object(Config\Cache), false)
#8 C:\xampp\htdocs\codeigniter4\public\index.php(37): CodeIgniter\CodeIgniter->run()
#9 C:\xampp\htdocs\codeigniter4\system\Commands\Server\rewrite.php(43): require_once('C:\\xampp\\htdocs...')
#10 {main}
CRITICAL - 2022-02-14 20:34:02 --> Undefined variable: data
#0 C:\xampp\htdocs\codeigniter4\app\Controllers\Produtos.php(36): CodeIgniter\Debug\Exceptions->errorHandler(8, 'Undefined varia...', 'C:\\xampp\\htdocs...', 36, Array)
#1 C:\xampp\htdocs\codeigniter4\system\CodeIgniter.php(825): App\Controllers\Produtos->index()
#2 C:\xampp\htdocs\codeigniter4\system\CodeIgniter.php(412): CodeIgniter\CodeIgniter->runController(Object(App\Controllers\Produtos))
#3 C:\xampp\htdocs\codeigniter4\system\CodeIgniter.php(320): CodeIgniter\CodeIgniter->handleRequest(NULL, Object(Config\Cache), false)
#4 C:\xampp\htdocs\codeigniter4\public\index.php(37): CodeIgniter\CodeIgniter->run()
#5 C:\xampp\htdocs\codeigniter4\system\Commands\Server\rewrite.php(43): require_once('C:\\xampp\\htdocs...')
#6 {main}
CRITICAL - 2022-02-14 20:34:36 --> Undefined variable: data
#0 C:\xampp\htdocs\codeigniter4\app\Controllers\Produtos.php(37): CodeIgniter\Debug\Exceptions->errorHandler(8, 'Undefined varia...', 'C:\\xampp\\htdocs...', 37, Array)
#1 C:\xampp\htdocs\codeigniter4\system\CodeIgniter.php(825): App\Controllers\Produtos->index()
#2 C:\xampp\htdocs\codeigniter4\system\CodeIgniter.php(412): CodeIgniter\CodeIgniter->runController(Object(App\Controllers\Produtos))
#3 C:\xampp\htdocs\codeigniter4\system\CodeIgniter.php(320): CodeIgniter\CodeIgniter->handleRequest(NULL, Object(Config\Cache), false)
#4 C:\xampp\htdocs\codeigniter4\public\index.php(37): CodeIgniter\CodeIgniter->run()
#5 C:\xampp\htdocs\codeigniter4\system\Commands\Server\rewrite.php(43): require_once('C:\\xampp\\htdocs...')
#6 {main}
CRITICAL - 2022-02-14 20:49:38 --> Undefined property: App\Controllers\Produtos::$input
#0 C:\xampp\htdocs\codeigniter4\app\Controllers\Produtos.php(20): CodeIgniter\Debug\Exceptions->errorHandler(8, 'Undefined prope...', 'C:\\xampp\\htdocs...', 20, Array)
#1 C:\xampp\htdocs\codeigniter4\system\CodeIgniter.php(825): App\Controllers\Produtos->index()
#2 C:\xampp\htdocs\codeigniter4\system\CodeIgniter.php(412): CodeIgniter\CodeIgniter->runController(Object(App\Controllers\Produtos))
#3 C:\xampp\htdocs\codeigniter4\system\CodeIgniter.php(320): CodeIgniter\CodeIgniter->handleRequest(NULL, Object(Config\Cache), false)
#4 C:\xampp\htdocs\codeigniter4\public\index.php(37): CodeIgniter\CodeIgniter->run()
#5 C:\xampp\htdocs\codeigniter4\system\Commands\Server\rewrite.php(43): require_once('C:\\xampp\\htdocs...')
#6 {main}
CRITICAL - 2022-02-14 20:59:01 --> Call to undefined method App\Models\ProdutoModel::buscarProduto
#0 C:\xampp\htdocs\codeigniter4\app\Controllers\Produtos.php(24): CodeIgniter\Model->__call('buscarProduto', Array)
#1 C:\xampp\htdocs\codeigniter4\system\CodeIgniter.php(825): App\Controllers\Produtos->index()
#2 C:\xampp\htdocs\codeigniter4\system\CodeIgniter.php(412): CodeIgniter\CodeIgniter->runController(Object(App\Controllers\Produtos))
#3 C:\xampp\htdocs\codeigniter4\system\CodeIgniter.php(320): CodeIgniter\CodeIgniter->handleRequest(NULL, Object(Config\Cache), false)
#4 C:\xampp\htdocs\codeigniter4\public\index.php(37): CodeIgniter\CodeIgniter->run()
#5 C:\xampp\htdocs\codeigniter4\system\Commands\Server\rewrite.php(43): require_once('C:\\xampp\\htdocs...')
#6 {main}
CRITICAL - 2022-02-14 21:01:22 --> Call to undefined method App\Models\ProdutoModel::buscarProduto
#0 C:\xampp\htdocs\codeigniter4\app\Controllers\Produtos.php(24): CodeIgniter\Model->__call('buscarProduto', Array)
#1 C:\xampp\htdocs\codeigniter4\system\CodeIgniter.php(825): App\Controllers\Produtos->index()
#2 C:\xampp\htdocs\codeigniter4\system\CodeIgniter.php(412): CodeIgniter\CodeIgniter->runController(Object(App\Controllers\Produtos))
#3 C:\xampp\htdocs\codeigniter4\system\CodeIgniter.php(320): CodeIgniter\CodeIgniter->handleRequest(NULL, Object(Config\Cache), false)
#4 C:\xampp\htdocs\codeigniter4\public\index.php(37): CodeIgniter\CodeIgniter->run()
#5 C:\xampp\htdocs\codeigniter4\system\Commands\Server\rewrite.php(43): require_once('C:\\xampp\\htdocs...')
#6 {main}
CRITICAL - 2022-02-14 21:04:00 --> Call to undefined method App\Models\ProdutoModel::buscarProduto
#0 C:\xampp\htdocs\codeigniter4\app\Controllers\Produtos.php(24): CodeIgniter\Model->__call('buscarProduto', Array)
#1 C:\xampp\htdocs\codeigniter4\system\CodeIgniter.php(825): App\Controllers\Produtos->index()
#2 C:\xampp\htdocs\codeigniter4\system\CodeIgniter.php(412): CodeIgniter\CodeIgniter->runController(Object(App\Controllers\Produtos))
#3 C:\xampp\htdocs\codeigniter4\system\CodeIgniter.php(320): CodeIgniter\CodeIgniter->handleRequest(NULL, Object(Config\Cache), false)
#4 C:\xampp\htdocs\codeigniter4\public\index.php(37): CodeIgniter\CodeIgniter->run()
#5 C:\xampp\htdocs\codeigniter4\system\Commands\Server\rewrite.php(43): require_once('C:\\xampp\\htdocs...')
#6 {main}
CRITICAL - 2022-02-14 21:06:49 --> Call to undefined method App\Models\ProdutoModel::buscarProduto
#0 C:\xampp\htdocs\codeigniter4\app\Controllers\Produtos.php(30): CodeIgniter\Model->__call('buscarProduto', Array)
#1 C:\xampp\htdocs\codeigniter4\system\CodeIgniter.php(825): App\Controllers\Produtos->index()
#2 C:\xampp\htdocs\codeigniter4\system\CodeIgniter.php(412): CodeIgniter\CodeIgniter->runController(Object(App\Controllers\Produtos))
#3 C:\xampp\htdocs\codeigniter4\system\CodeIgniter.php(320): CodeIgniter\CodeIgniter->handleRequest(NULL, Object(Config\Cache), false)
#4 C:\xampp\htdocs\codeigniter4\public\index.php(37): CodeIgniter\CodeIgniter->run()
#5 C:\xampp\htdocs\codeigniter4\system\Commands\Server\rewrite.php(43): require_once('C:\\xampp\\htdocs...')
#6 {main}
CRITICAL - 2022-02-14 21:24:48 --> Argument 1 passed to CodeIgniter\Database\BaseBuilder::get() must be of the type int or null, string given, called in C:\xampp\htdocs\codeigniter4\system\Model.php on line 728
#0 C:\xampp\htdocs\codeigniter4\system\Model.php(728): CodeIgniter\Database\BaseBuilder->get('produtos')
#1 C:\xampp\htdocs\codeigniter4\app\Models\ProdutoModel.php(22): CodeIgniter\Model->__call('get', Array)
#2 C:\xampp\htdocs\codeigniter4\app\Controllers\Produtos.php(26): App\Models\ProdutoModel->buscarProduto('nome', 'teste')
#3 C:\xampp\htdocs\codeigniter4\system\CodeIgniter.php(825): App\Controllers\Produtos->index()
#4 C:\xampp\htdocs\codeigniter4\system\CodeIgniter.php(412): CodeIgniter\CodeIgniter->runController(Object(App\Controllers\Produtos))
#5 C:\xampp\htdocs\codeigniter4\system\CodeIgniter.php(320): CodeIgniter\CodeIgniter->handleRequest(NULL, Object(Config\Cache), false)
#6 C:\xampp\htdocs\codeigniter4\public\index.php(37): CodeIgniter\CodeIgniter->run()
#7 C:\xampp\htdocs\codeigniter4\system\Commands\Server\rewrite.php(43): require_once('C:\\xampp\\htdocs...')
#8 {main}
CRITICAL - 2022-02-14 21:29:19 --> Call to a member function result() on array
#0 C:\xampp\htdocs\codeigniter4\app\Controllers\Produtos.php(26): App\Models\ProdutoModel->buscarProduto('nome', 'teste')
#1 C:\xampp\htdocs\codeigniter4\system\CodeIgniter.php(825): App\Controllers\Produtos->index()
#2 C:\xampp\htdocs\codeigniter4\system\CodeIgniter.php(412): CodeIgniter\CodeIgniter->runController(Object(App\Controllers\Produtos))
#3 C:\xampp\htdocs\codeigniter4\system\CodeIgniter.php(320): CodeIgniter\CodeIgniter->handleRequest(NULL, Object(Config\Cache), false)
#4 C:\xampp\htdocs\codeigniter4\public\index.php(37): CodeIgniter\CodeIgniter->run()
#5 C:\xampp\htdocs\codeigniter4\system\Commands\Server\rewrite.php(43): require_once('C:\\xampp\\htdocs...')
#6 {main}
CRITICAL - 2022-02-14 21:35:08 --> Call to undefined method CodeIgniter\Database\MySQLi\Connection::like()
#0 C:\xampp\htdocs\codeigniter4\app\Controllers\Produtos.php(26): App\Models\ProdutoModel->buscarProduto('nome', 'teste')
#1 C:\xampp\htdocs\codeigniter4\system\CodeIgniter.php(825): App\Controllers\Produtos->index()
#2 C:\xampp\htdocs\codeigniter4\system\CodeIgniter.php(412): CodeIgniter\CodeIgniter->runController(Object(App\Controllers\Produtos))
#3 C:\xampp\htdocs\codeigniter4\system\CodeIgniter.php(320): CodeIgniter\CodeIgniter->handleRequest(NULL, Object(Config\Cache), false)
#4 C:\xampp\htdocs\codeigniter4\public\index.php(37): CodeIgniter\CodeIgniter->run()
#5 C:\xampp\htdocs\codeigniter4\system\Commands\Server\rewrite.php(43): require_once('C:\\xampp\\htdocs...')
#6 {main}
CRITICAL - 2022-02-14 21:35:47 --> Call to undefined method CodeIgniter\Database\MySQLi\Result::result()
#0 C:\xampp\htdocs\codeigniter4\app\Controllers\Produtos.php(26): App\Models\ProdutoModel->buscarProduto('nome', 'teste')
#1 C:\xampp\htdocs\codeigniter4\system\CodeIgniter.php(825): App\Controllers\Produtos->index()
#2 C:\xampp\htdocs\codeigniter4\system\CodeIgniter.php(412): CodeIgniter\CodeIgniter->runController(Object(App\Controllers\Produtos))
#3 C:\xampp\htdocs\codeigniter4\system\CodeIgniter.php(320): CodeIgniter\CodeIgniter->handleRequest(NULL, Object(Config\Cache), false)
#4 C:\xampp\htdocs\codeigniter4\public\index.php(37): CodeIgniter\CodeIgniter->run()
#5 C:\xampp\htdocs\codeigniter4\system\Commands\Server\rewrite.php(43): require_once('C:\\xampp\\htdocs...')
#6 {main}
CRITICAL - 2022-02-14 21:40:33 --> Cannot use object of type stdClass as array
#0 C:\xampp\htdocs\codeigniter4\system\View\View.php(210): include()
#1 C:\xampp\htdocs\codeigniter4\system\View\View.php(213): CodeIgniter\View\View->CodeIgniter\View\{closure}()
#2 C:\xampp\htdocs\codeigniter4\system\Common.php(1089): CodeIgniter\View\View->render('produtos/indexP...', Array, true)
#3 C:\xampp\htdocs\codeigniter4\app\Controllers\Produtos.php(38): view('produtos/indexP...', Array)
#4 C:\xampp\htdocs\codeigniter4\system\CodeIgniter.php(825): App\Controllers\Produtos->index()
#5 C:\xampp\htdocs\codeigniter4\system\CodeIgniter.php(412): CodeIgniter\CodeIgniter->runController(Object(App\Controllers\Produtos))
#6 C:\xampp\htdocs\codeigniter4\system\CodeIgniter.php(320): CodeIgniter\CodeIgniter->handleRequest(NULL, Object(Config\Cache), false)
#7 C:\xampp\htdocs\codeigniter4\public\index.php(37): CodeIgniter\CodeIgniter->run()
#8 C:\xampp\htdocs\codeigniter4\system\Commands\Server\rewrite.php(43): require_once('C:\\xampp\\htdocs...')
#9 {main}
CRITICAL - 2022-02-14 21:44:51 --> Function name must be a string
#0 C:\xampp\htdocs\codeigniter4\app\Controllers\Produtos.php(26): App\Models\ProdutoModel->buscarProduto('nome', 'teste')
#1 C:\xampp\htdocs\codeigniter4\system\CodeIgniter.php(825): App\Controllers\Produtos->index()
#2 C:\xampp\htdocs\codeigniter4\system\CodeIgniter.php(412): CodeIgniter\CodeIgniter->runController(Object(App\Controllers\Produtos))
#3 C:\xampp\htdocs\codeigniter4\system\CodeIgniter.php(320): CodeIgniter\CodeIgniter->handleRequest(NULL, Object(Config\Cache), false)
#4 C:\xampp\htdocs\codeigniter4\public\index.php(37): CodeIgniter\CodeIgniter->run()
#5 C:\xampp\htdocs\codeigniter4\system\Commands\Server\rewrite.php(43): require_once('C:\\xampp\\htdocs...')
#6 {main}
CRITICAL - 2022-02-14 21:51:13 --> Call to a member function links() on null
#0 C:\xampp\htdocs\codeigniter4\system\View\View.php(210): include()
#1 C:\xampp\htdocs\codeigniter4\system\View\View.php(213): CodeIgniter\View\View->CodeIgniter\View\{closure}()
#2 C:\xampp\htdocs\codeigniter4\system\Common.php(1089): CodeIgniter\View\View->render('produtos/indexP...', Array, true)
#3 C:\xampp\htdocs\codeigniter4\app\Controllers\Produtos.php(38): view('produtos/indexP...', Array)
#4 C:\xampp\htdocs\codeigniter4\system\CodeIgniter.php(825): App\Controllers\Produtos->index()
#5 C:\xampp\htdocs\codeigniter4\system\CodeIgniter.php(412): CodeIgniter\CodeIgniter->runController(Object(App\Controllers\Produtos))
#6 C:\xampp\htdocs\codeigniter4\system\CodeIgniter.php(320): CodeIgniter\CodeIgniter->handleRequest(NULL, Object(Config\Cache), false)
#7 C:\xampp\htdocs\codeigniter4\public\index.php(37): CodeIgniter\CodeIgniter->run()
#8 C:\xampp\htdocs\codeigniter4\system\Commands\Server\rewrite.php(43): require_once('C:\\xampp\\htdocs...')
#9 {main}
CRITICAL - 2022-02-14 21:57:35 --> Undefined property: App\Controllers\Produtos::$Produtos
#0 C:\xampp\htdocs\codeigniter4\app\Controllers\Produtos.php(26): CodeIgniter\Debug\Exceptions->errorHandler(8, 'Undefined prope...', 'C:\\xampp\\htdocs...', 26, Array)
#1 C:\xampp\htdocs\codeigniter4\system\CodeIgniter.php(825): App\Controllers\Produtos->index()
#2 C:\xampp\htdocs\codeigniter4\system\CodeIgniter.php(412): CodeIgniter\CodeIgniter->runController(Object(App\Controllers\Produtos))
#3 C:\xampp\htdocs\codeigniter4\system\CodeIgniter.php(320): CodeIgniter\CodeIgniter->handleRequest(NULL, Object(Config\Cache), false)
#4 C:\xampp\htdocs\codeigniter4\public\index.php(37): CodeIgniter\CodeIgniter->run()
#5 C:\xampp\htdocs\codeigniter4\system\Commands\Server\rewrite.php(43): require_once('C:\\xampp\\htdocs...')
#6 {main}
CRITICAL - 2022-02-14 21:58:32 --> Undefined property: App\Controllers\Produtos::$db
#0 C:\xampp\htdocs\codeigniter4\app\Controllers\Produtos.php(90): CodeIgniter\Debug\Exceptions->errorHandler(8, 'Undefined prope...', 'C:\\xampp\\htdocs...', 90, Array)
#1 C:\xampp\htdocs\codeigniter4\app\Controllers\Produtos.php(26): App\Controllers\Produtos->buscarProduto('nome', 'teste')
#2 C:\xampp\htdocs\codeigniter4\system\CodeIgniter.php(825): App\Controllers\Produtos->index()
#3 C:\xampp\htdocs\codeigniter4\system\CodeIgniter.php(412): CodeIgniter\CodeIgniter->runController(Object(App\Controllers\Produtos))
#4 C:\xampp\htdocs\codeigniter4\system\CodeIgniter.php(320): CodeIgniter\CodeIgniter->handleRequest(NULL, Object(Config\Cache), false)
#5 C:\xampp\htdocs\codeigniter4\public\index.php(37): CodeIgniter\CodeIgniter->run()
#6 C:\xampp\htdocs\codeigniter4\system\Commands\Server\rewrite.php(43): require_once('C:\\xampp\\htdocs...')
#7 {main}
CRITICAL - 2022-02-14 21:59:03 --> Undefined property: App\Controllers\Produtos::$db
#0 C:\xampp\htdocs\codeigniter4\app\Controllers\Produtos.php(90): CodeIgniter\Debug\Exceptions->errorHandler(8, 'Undefined prope...', 'C:\\xampp\\htdocs...', 90, Array)
#1 C:\xampp\htdocs\codeigniter4\app\Controllers\Produtos.php(26): App\Controllers\Produtos->buscarProduto('nome', 'teste')
#2 C:\xampp\htdocs\codeigniter4\system\CodeIgniter.php(825): App\Controllers\Produtos->index()
#3 C:\xampp\htdocs\codeigniter4\system\CodeIgniter.php(412): CodeIgniter\CodeIgniter->runController(Object(App\Controllers\Produtos))
#4 C:\xampp\htdocs\codeigniter4\system\CodeIgniter.php(320): CodeIgniter\CodeIgniter->handleRequest(NULL, Object(Config\Cache), false)
#5 C:\xampp\htdocs\codeigniter4\public\index.php(37): CodeIgniter\CodeIgniter->run()
#6 C:\xampp\htdocs\codeigniter4\system\Commands\Server\rewrite.php(43): require_once('C:\\xampp\\htdocs...')
#7 {main}
ERROR - 2022-02-14 22:13:08 --> Table 'teste_ci4.students' doesn't exist
CRITICAL - 2022-02-14 22:13:08 --> Table 'teste_ci4.students' doesn't exist
#0 C:\xampp\htdocs\codeigniter4\system\Database\MySQLi\Connection.php(292): mysqli->query('\r\n            S...', 0)
#1 C:\xampp\htdocs\codeigniter4\system\Database\BaseConnection.php(670): CodeIgniter\Database\MySQLi\Connection->execute('\r\n            S...')
#2 C:\xampp\htdocs\codeigniter4\system\Database\BaseConnection.php(598): CodeIgniter\Database\BaseConnection->simpleQuery('\r\n            S...')
#3 C:\xampp\htdocs\codeigniter4\app\Models\ProdutoModel.php(28): CodeIgniter\Database\BaseConnection->query('\r\n            S...')
#4 C:\xampp\htdocs\codeigniter4\app\Controllers\Produtos.php(26): App\Models\ProdutoModel->buscarProduto('nome', 'teste')
#5 C:\xampp\htdocs\codeigniter4\system\CodeIgniter.php(825): App\Controllers\Produtos->index()
#6 C:\xampp\htdocs\codeigniter4\system\CodeIgniter.php(412): CodeIgniter\CodeIgniter->runController(Object(App\Controllers\Produtos))
#7 C:\xampp\htdocs\codeigniter4\system\CodeIgniter.php(320): CodeIgniter\CodeIgniter->handleRequest(NULL, Object(Config\Cache), false)
#8 C:\xampp\htdocs\codeigniter4\public\index.php(37): CodeIgniter\CodeIgniter->run()
#9 C:\xampp\htdocs\codeigniter4\system\Commands\Server\rewrite.php(43): require_once('C:\\xampp\\htdocs...')
#10 {main}
CRITICAL - 2022-02-14 22:13:43 --> Call to undefined method CodeIgniter\Database\MySQLi\Result::result()
#0 C:\xampp\htdocs\codeigniter4\app\Controllers\Produtos.php(26): App\Models\ProdutoModel->buscarProduto('nome', 'teste')
#1 C:\xampp\htdocs\codeigniter4\system\CodeIgniter.php(825): App\Controllers\Produtos->index()
#2 C:\xampp\htdocs\codeigniter4\system\CodeIgniter.php(412): CodeIgniter\CodeIgniter->runController(Object(App\Controllers\Produtos))
#3 C:\xampp\htdocs\codeigniter4\system\CodeIgniter.php(320): CodeIgniter\CodeIgniter->handleRequest(NULL, Object(Config\Cache), false)
#4 C:\xampp\htdocs\codeigniter4\public\index.php(37): CodeIgniter\CodeIgniter->run()
#5 C:\xampp\htdocs\codeigniter4\system\Commands\Server\rewrite.php(43): require_once('C:\\xampp\\htdocs...')
#6 {main}
CRITICAL - 2022-02-14 22:18:48 --> Cannot use object of type stdClass as array
#0 C:\xampp\htdocs\codeigniter4\system\View\View.php(210): include()
#1 C:\xampp\htdocs\codeigniter4\system\View\View.php(213): CodeIgniter\View\View->CodeIgniter\View\{closure}()
#2 C:\xampp\htdocs\codeigniter4\system\Common.php(1089): CodeIgniter\View\View->render('produtos/indexP...', Array, true)
#3 C:\xampp\htdocs\codeigniter4\app\Controllers\Produtos.php(38): view('produtos/indexP...', Array)
#4 C:\xampp\htdocs\codeigniter4\system\CodeIgniter.php(825): App\Controllers\Produtos->index()
#5 C:\xampp\htdocs\codeigniter4\system\CodeIgniter.php(412): CodeIgniter\CodeIgniter->runController(Object(App\Controllers\Produtos))
#6 C:\xampp\htdocs\codeigniter4\system\CodeIgniter.php(320): CodeIgniter\CodeIgniter->handleRequest(NULL, Object(Config\Cache), false)
#7 C:\xampp\htdocs\codeigniter4\public\index.php(37): CodeIgniter\CodeIgniter->run()
#8 C:\xampp\htdocs\codeigniter4\system\Commands\Server\rewrite.php(43): require_once('C:\\xampp\\htdocs...')
#9 {main}
CRITICAL - 2022-02-14 22:20:59 --> Class 'produtos' not found
#0 [internal function]: CodeIgniter\Debug\Exceptions->shutdownHandler()
#1 {main}
CRITICAL - 2022-02-14 22:23:16 --> Cannot use object of type stdClass as array
#0 C:\xampp\htdocs\codeigniter4\system\View\View.php(210): include()
#1 C:\xampp\htdocs\codeigniter4\system\View\View.php(213): CodeIgniter\View\View->CodeIgniter\View\{closure}()
#2 C:\xampp\htdocs\codeigniter4\system\Common.php(1089): CodeIgniter\View\View->render('produtos/indexP...', Array, true)
#3 C:\xampp\htdocs\codeigniter4\app\Controllers\Produtos.php(36): view('produtos/indexP...', Array)
#4 C:\xampp\htdocs\codeigniter4\system\CodeIgniter.php(825): App\Controllers\Produtos->index()
#5 C:\xampp\htdocs\codeigniter4\system\CodeIgniter.php(412): CodeIgniter\CodeIgniter->runController(Object(App\Controllers\Produtos))
#6 C:\xampp\htdocs\codeigniter4\system\CodeIgniter.php(320): CodeIgniter\CodeIgniter->handleRequest(NULL, Object(Config\Cache), false)
#7 C:\xampp\htdocs\codeigniter4\public\index.php(37): CodeIgniter\CodeIgniter->run()
#8 C:\xampp\htdocs\codeigniter4\system\Commands\Server\rewrite.php(43): require_once('C:\\xampp\\htdocs...')
#9 {main}
CRITICAL - 2022-02-14 22:32:22 --> Trying to access array offset on value of type null
#0 C:\xampp\htdocs\codeigniter4\app\Views\produtos\indexProduto.php(50): CodeIgniter\Debug\Exceptions->errorHandler(8, 'Trying to acces...', 'C:\\xampp\\htdocs...', 50, Array)
#1 C:\xampp\htdocs\codeigniter4\system\View\View.php(210): include('C:\\xampp\\htdocs...')
#2 C:\xampp\htdocs\codeigniter4\system\View\View.php(213): CodeIgniter\View\View->CodeIgniter\View\{closure}()
#3 C:\xampp\htdocs\codeigniter4\system\Common.php(1089): CodeIgniter\View\View->render('produtos/indexP...', Array, true)
#4 C:\xampp\htdocs\codeigniter4\app\Controllers\Produtos.php(36): view('produtos/indexP...', Array)
#5 C:\xampp\htdocs\codeigniter4\system\CodeIgniter.php(825): App\Controllers\Produtos->index()
#6 C:\xampp\htdocs\codeigniter4\system\CodeIgniter.php(412): CodeIgniter\CodeIgniter->runController(Object(App\Controllers\Produtos))
#7 C:\xampp\htdocs\codeigniter4\system\CodeIgniter.php(320): CodeIgniter\CodeIgniter->handleRequest(NULL, Object(Config\Cache), false)
#8 C:\xampp\htdocs\codeigniter4\public\index.php(37): CodeIgniter\CodeIgniter->run()
#9 C:\xampp\htdocs\codeigniter4\system\Commands\Server\rewrite.php(43): require_once('C:\\xampp\\htdocs...')
#10 {main}
CRITICAL - 2022-02-14 22:34:16 --> Trying to access array offset on value of type null
#0 C:\xampp\htdocs\codeigniter4\app\Views\produtos\indexProduto.php(50): CodeIgniter\Debug\Exceptions->errorHandler(8, 'Trying to acces...', 'C:\\xampp\\htdocs...', 50, Array)
#1 C:\xampp\htdocs\codeigniter4\system\View\View.php(210): include('C:\\xampp\\htdocs...')
#2 C:\xampp\htdocs\codeigniter4\system\View\View.php(213): CodeIgniter\View\View->CodeIgniter\View\{closure}()
#3 C:\xampp\htdocs\codeigniter4\system\Common.php(1089): CodeIgniter\View\View->render('produtos/indexP...', Array, true)
#4 C:\xampp\htdocs\codeigniter4\app\Controllers\Produtos.php(36): view('produtos/indexP...', Array)
#5 C:\xampp\htdocs\codeigniter4\system\CodeIgniter.php(825): App\Controllers\Produtos->index()
#6 C:\xampp\htdocs\codeigniter4\system\CodeIgniter.php(412): CodeIgniter\CodeIgniter->runController(Object(App\Controllers\Produtos))
#7 C:\xampp\htdocs\codeigniter4\system\CodeIgniter.php(320): CodeIgniter\CodeIgniter->handleRequest(NULL, Object(Config\Cache), false)
#8 C:\xampp\htdocs\codeigniter4\public\index.php(37): CodeIgniter\CodeIgniter->run()
#9 C:\xampp\htdocs\codeigniter4\system\Commands\Server\rewrite.php(43): require_once('C:\\xampp\\htdocs...')
#10 {main}
CRITICAL - 2022-02-14 22:40:00 --> Trying to access array offset on value of type null
#0 C:\xampp\htdocs\codeigniter4\app\Views\produtos\indexProduto.php(50): CodeIgniter\Debug\Exceptions->errorHandler(8, 'Trying to acces...', 'C:\\xampp\\htdocs...', 50, Array)
#1 C:\xampp\htdocs\codeigniter4\system\View\View.php(210): include('C:\\xampp\\htdocs...')
#2 C:\xampp\htdocs\codeigniter4\system\View\View.php(213): CodeIgniter\View\View->CodeIgniter\View\{closure}()
#3 C:\xampp\htdocs\codeigniter4\system\Common.php(1089): CodeIgniter\View\View->render('produtos/indexP...', Array, true)
#4 C:\xampp\htdocs\codeigniter4\app\Controllers\Produtos.php(36): view('produtos/indexP...', Array)
#5 C:\xampp\htdocs\codeigniter4\system\CodeIgniter.php(825): App\Controllers\Produtos->index()
#6 C:\xampp\htdocs\codeigniter4\system\CodeIgniter.php(412): CodeIgniter\CodeIgniter->runController(Object(App\Controllers\Produtos))
#7 C:\xampp\htdocs\codeigniter4\system\CodeIgniter.php(320): CodeIgniter\CodeIgniter->handleRequest(NULL, Object(Config\Cache), false)
#8 C:\xampp\htdocs\codeigniter4\public\index.php(37): CodeIgniter\CodeIgniter->run()
#9 C:\xampp\htdocs\codeigniter4\system\Commands\Server\rewrite.php(43): require_once('C:\\xampp\\htdocs...')
#10 {main}
CRITICAL - 2022-02-14 22:40:11 --> Trying to access array offset on value of type null
#0 C:\xampp\htdocs\codeigniter4\app\Views\produtos\indexProduto.php(50): CodeIgniter\Debug\Exceptions->errorHandler(8, 'Trying to acces...', 'C:\\xampp\\htdocs...', 50, Array)
#1 C:\xampp\htdocs\codeigniter4\system\View\View.php(210): include('C:\\xampp\\htdocs...')
#2 C:\xampp\htdocs\codeigniter4\system\View\View.php(213): CodeIgniter\View\View->CodeIgniter\View\{closure}()
#3 C:\xampp\htdocs\codeigniter4\system\Common.php(1089): CodeIgniter\View\View->render('produtos/indexP...', Array, true)
#4 C:\xampp\htdocs\codeigniter4\app\Controllers\Produtos.php(36): view('produtos/indexP...', Array)
#5 C:\xampp\htdocs\codeigniter4\system\CodeIgniter.php(825): App\Controllers\Produtos->index()
#6 C:\xampp\htdocs\codeigniter4\system\CodeIgniter.php(412): CodeIgniter\CodeIgniter->runController(Object(App\Controllers\Produtos))
#7 C:\xampp\htdocs\codeigniter4\system\CodeIgniter.php(320): CodeIgniter\CodeIgniter->handleRequest(NULL, Object(Config\Cache), false)
#8 C:\xampp\htdocs\codeigniter4\public\index.php(37): CodeIgniter\CodeIgniter->run()
#9 C:\xampp\htdocs\codeigniter4\system\Commands\Server\rewrite.php(43): require_once('C:\\xampp\\htdocs...')
#10 {main}
CRITICAL - 2022-02-14 22:47:57 --> Call to a member function links() on null
#0 C:\xampp\htdocs\codeigniter4\system\View\View.php(210): include()
#1 C:\xampp\htdocs\codeigniter4\system\View\View.php(213): CodeIgniter\View\View->CodeIgniter\View\{closure}()
#2 C:\xampp\htdocs\codeigniter4\system\Common.php(1089): CodeIgniter\View\View->render('produtos/indexP...', Array, true)
#3 C:\xampp\htdocs\codeigniter4\app\Controllers\Produtos.php(37): view('produtos/indexP...', Array)
#4 C:\xampp\htdocs\codeigniter4\system\CodeIgniter.php(825): App\Controllers\Produtos->index()
#5 C:\xampp\htdocs\codeigniter4\system\CodeIgniter.php(412): CodeIgniter\CodeIgniter->runController(Object(App\Controllers\Produtos))
#6 C:\xampp\htdocs\codeigniter4\system\CodeIgniter.php(320): CodeIgniter\CodeIgniter->handleRequest(NULL, Object(Config\Cache), false)
#7 C:\xampp\htdocs\codeigniter4\public\index.php(37): CodeIgniter\CodeIgniter->run()
#8 C:\xampp\htdocs\codeigniter4\system\Commands\Server\rewrite.php(43): require_once('C:\\xampp\\htdocs...')
#9 {main}
CRITICAL - 2022-02-14 22:49:44 --> Call to undefined method App\Models\ProdutoModel::painate
#0 C:\xampp\htdocs\codeigniter4\app\Controllers\Produtos.php(24): CodeIgniter\Model->__call('painate', Array)
#1 C:\xampp\htdocs\codeigniter4\system\CodeIgniter.php(825): App\Controllers\Produtos->index()
#2 C:\xampp\htdocs\codeigniter4\system\CodeIgniter.php(412): CodeIgniter\CodeIgniter->runController(Object(App\Controllers\Produtos))
#3 C:\xampp\htdocs\codeigniter4\system\CodeIgniter.php(320): CodeIgniter\CodeIgniter->handleRequest(NULL, Object(Config\Cache), false)
#4 C:\xampp\htdocs\codeigniter4\public\index.php(37): CodeIgniter\CodeIgniter->run()
#5 C:\xampp\htdocs\codeigniter4\system\Commands\Server\rewrite.php(43): require_once('C:\\xampp\\htdocs...')
#6 {main}
CRITICAL - 2022-02-14 22:53:03 --> Call to a member function links() on null
#0 C:\xampp\htdocs\codeigniter4\system\View\View.php(210): include()
#1 C:\xampp\htdocs\codeigniter4\system\View\View.php(213): CodeIgniter\View\View->CodeIgniter\View\{closure}()
#2 C:\xampp\htdocs\codeigniter4\system\Common.php(1089): CodeIgniter\View\View->render('produtos/indexP...', Array, true)
#3 C:\xampp\htdocs\codeigniter4\app\Controllers\Produtos.php(34): view('produtos/indexP...', Array)
#4 C:\xampp\htdocs\codeigniter4\system\CodeIgniter.php(825): App\Controllers\Produtos->index()
#5 C:\xampp\htdocs\codeigniter4\system\CodeIgniter.php(412): CodeIgniter\CodeIgniter->runController(Object(App\Controllers\Produtos))
#6 C:\xampp\htdocs\codeigniter4\system\CodeIgniter.php(320): CodeIgniter\CodeIgniter->handleRequest(NULL, Object(Config\Cache), false)
#7 C:\xampp\htdocs\codeigniter4\public\index.php(37): CodeIgniter\CodeIgniter->run()
#8 C:\xampp\htdocs\codeigniter4\system\Commands\Server\rewrite.php(43): require_once('C:\\xampp\\htdocs...')
#9 {main}
CRITICAL - 2022-02-14 22:54:16 --> Call to undefined method App\Models\ProdutoModel::getAll
#0 C:\xampp\htdocs\codeigniter4\app\Controllers\Produtos.php(27): CodeIgniter\Model->__call('getAll', Array)
#1 C:\xampp\htdocs\codeigniter4\system\CodeIgniter.php(825): App\Controllers\Produtos->index()
#2 C:\xampp\htdocs\codeigniter4\system\CodeIgniter.php(412): CodeIgniter\CodeIgniter->runController(Object(App\Controllers\Produtos))
#3 C:\xampp\htdocs\codeigniter4\system\CodeIgniter.php(320): CodeIgniter\CodeIgniter->handleRequest(NULL, Object(Config\Cache), false)
#4 C:\xampp\htdocs\codeigniter4\public\index.php(37): CodeIgniter\CodeIgniter->run()
#5 C:\xampp\htdocs\codeigniter4\system\Commands\Server\rewrite.php(43): require_once('C:\\xampp\\htdocs...')
#6 {main}
CRITICAL - 2022-02-14 22:57:01 --> Call to a member function links() on null
#0 C:\xampp\htdocs\codeigniter4\system\View\View.php(210): include()
#1 C:\xampp\htdocs\codeigniter4\system\View\View.php(213): CodeIgniter\View\View->CodeIgniter\View\{closure}()
#2 C:\xampp\htdocs\codeigniter4\system\Common.php(1089): CodeIgniter\View\View->render('produtos/indexP...', Array, true)
#3 C:\xampp\htdocs\codeigniter4\app\Controllers\Produtos.php(34): view('produtos/indexP...', Array)
#4 C:\xampp\htdocs\codeigniter4\system\CodeIgniter.php(825): App\Controllers\Produtos->index()
#5 C:\xampp\htdocs\codeigniter4\system\CodeIgniter.php(412): CodeIgniter\CodeIgniter->runController(Object(App\Controllers\Produtos))
#6 C:\xampp\htdocs\codeigniter4\system\CodeIgniter.php(320): CodeIgniter\CodeIgniter->handleRequest(NULL, Object(Config\Cache), false)
#7 C:\xampp\htdocs\codeigniter4\public\index.php(37): CodeIgniter\CodeIgniter->run()
#8 C:\xampp\htdocs\codeigniter4\system\Commands\Server\rewrite.php(43): require_once('C:\\xampp\\htdocs...')
#9 {main}
CRITICAL - 2022-02-14 22:57:23 --> Undefined variable: pager
#0 C:\xampp\htdocs\codeigniter4\app\Views\produtos\indexProduto.php(65): CodeIgniter\Debug\Exceptions->errorHandler(8, 'Undefined varia...', 'C:\\xampp\\htdocs...', 65, Array)
#1 C:\xampp\htdocs\codeigniter4\system\View\View.php(210): include('C:\\xampp\\htdocs...')
#2 C:\xampp\htdocs\codeigniter4\system\View\View.php(213): CodeIgniter\View\View->CodeIgniter\View\{closure}()
#3 C:\xampp\htdocs\codeigniter4\system\Common.php(1089): CodeIgniter\View\View->render('produtos/indexP...', Array, true)
#4 C:\xampp\htdocs\codeigniter4\app\Controllers\Produtos.php(32): view('produtos/indexP...', Array)
#5 C:\xampp\htdocs\codeigniter4\system\CodeIgniter.php(825): App\Controllers\Produtos->index()
#6 C:\xampp\htdocs\codeigniter4\system\CodeIgniter.php(412): CodeIgniter\CodeIgniter->runController(Object(App\Controllers\Produtos))
#7 C:\xampp\htdocs\codeigniter4\system\CodeIgniter.php(320): CodeIgniter\CodeIgniter->handleRequest(NULL, Object(Config\Cache), false)
#8 C:\xampp\htdocs\codeigniter4\public\index.php(37): CodeIgniter\CodeIgniter->run()
#9 C:\xampp\htdocs\codeigniter4\system\Commands\Server\rewrite.php(43): require_once('C:\\xampp\\htdocs...')
#10 {main}
CRITICAL - 2022-02-14 22:57:42 --> Undefined variable: pager
#0 C:\xampp\htdocs\codeigniter4\app\Views\produtos\indexProduto.php(65): CodeIgniter\Debug\Exceptions->errorHandler(8, 'Undefined varia...', 'C:\\xampp\\htdocs...', 65, Array)
#1 C:\xampp\htdocs\codeigniter4\system\View\View.php(210): include('C:\\xampp\\htdocs...')
#2 C:\xampp\htdocs\codeigniter4\system\View\View.php(213): CodeIgniter\View\View->CodeIgniter\View\{closure}()
#3 C:\xampp\htdocs\codeigniter4\system\Common.php(1089): CodeIgniter\View\View->render('produtos/indexP...', Array, true)
#4 C:\xampp\htdocs\codeigniter4\app\Controllers\Produtos.php(32): view('produtos/indexP...', Array)
#5 C:\xampp\htdocs\codeigniter4\system\CodeIgniter.php(825): App\Controllers\Produtos->index()
#6 C:\xampp\htdocs\codeigniter4\system\CodeIgniter.php(412): CodeIgniter\CodeIgniter->runController(Object(App\Controllers\Produtos))
#7 C:\xampp\htdocs\codeigniter4\system\CodeIgniter.php(320): CodeIgniter\CodeIgniter->handleRequest(NULL, Object(Config\Cache), false)
#8 C:\xampp\htdocs\codeigniter4\public\index.php(37): CodeIgniter\CodeIgniter->run()
#9 C:\xampp\htdocs\codeigniter4\system\Commands\Server\rewrite.php(43): require_once('C:\\xampp\\htdocs...')
#10 {main}
CRITICAL - 2022-02-14 23:05:34 --> Call to a member function links() on null
#0 C:\xampp\htdocs\codeigniter4\system\View\View.php(210): include()
#1 C:\xampp\htdocs\codeigniter4\system\View\View.php(213): CodeIgniter\View\View->CodeIgniter\View\{closure}()
#2 C:\xampp\htdocs\codeigniter4\system\Common.php(1089): CodeIgniter\View\View->render('produtos/indexP...', Array, true)
#3 C:\xampp\htdocs\codeigniter4\app\Controllers\Produtos.php(38): view('produtos/indexP...', Array)
#4 C:\xampp\htdocs\codeigniter4\system\CodeIgniter.php(825): App\Controllers\Produtos->index()
#5 C:\xampp\htdocs\codeigniter4\system\CodeIgniter.php(412): CodeIgniter\CodeIgniter->runController(Object(App\Controllers\Produtos))
#6 C:\xampp\htdocs\codeigniter4\system\CodeIgniter.php(320): CodeIgniter\CodeIgniter->handleRequest(NULL, Object(Config\Cache), false)
#7 C:\xampp\htdocs\codeigniter4\public\index.php(37): CodeIgniter\CodeIgniter->run()
#8 C:\xampp\htdocs\codeigniter4\system\Commands\Server\rewrite.php(43): require_once('C:\\xampp\\htdocs...')
#9 {main}
CRITICAL - 2022-02-14 23:22:53 --> Call to undefined method App\Models\PedidoModel::buscarProduto
#0 C:\xampp\htdocs\codeigniter4\app\Controllers\Pedidos.php(29): CodeIgniter\Model->__call('buscarProduto', Array)
#1 C:\xampp\htdocs\codeigniter4\system\CodeIgniter.php(825): App\Controllers\Pedidos->index()
#2 C:\xampp\htdocs\codeigniter4\system\CodeIgniter.php(412): CodeIgniter\CodeIgniter->runController(Object(App\Controllers\Pedidos))
#3 C:\xampp\htdocs\codeigniter4\system\CodeIgniter.php(320): CodeIgniter\CodeIgniter->handleRequest(NULL, Object(Config\Cache), false)
#4 C:\xampp\htdocs\codeigniter4\public\index.php(37): CodeIgniter\CodeIgniter->run()
#5 C:\xampp\htdocs\codeigniter4\system\Commands\Server\rewrite.php(43): require_once('C:\\xampp\\htdocs...')
#6 {main}
